16:39:11.685 [main] INFO  o.s.c.a.AnnotationConfigApplicationContext - (AbstractApplicationContext.java:59016:39:12.053 [main] INFO  o.s.b.f.a.AutowiredAnnotationBeanPostProcessor - (AutowiredAnnotationBeanPostProcessor.java:15416:39:12.113 [main] INFO  o.s.c.s.PostProcessorRegistrationDelegate$BeanPostProcessorChecker - (PostProcessorRegistrationDelegate.java:32816:39:14.708 [main] INFO  com.xgn.fzc.zuul.ZuulApplication - (SpringApplication.java:66316:39:14.723 [main] INFO  o.s.b.w.s.c.AnnotationConfigServletWebServerApplicationContext - (AbstractApplicationContext.java:59016:39:15.732 [main] INFO  o.s.b.f.s.DefaultListableBeanFactory - (DefaultListableBeanFactory.java:82416:39:15.742 [main] INFO  o.s.b.f.s.DefaultListableBeanFactory - (DefaultListableBeanFactory.java:82416:39:16.084 [main] INFO  o.s.c.context.scope.GenericScope - (GenericScope.java:29416:39:16.154 [main] INFO  o.s.b.f.a.AutowiredAnnotationBeanPostProcessor - (AutowiredAnnotationBeanPostProcessor.java:15416:39:16.432 [main] INFO  o.s.c.s.PostProcessorRegistrationDelegate$BeanPostProcessorChecker - (PostProcessorRegistrationDelegate.java:32816:39:16.719 [main] INFO  o.s.b.w.e.tomcat.TomcatWebServer - (TomcatWebServer.java:9116:39:16.733 [main] INFO  o.a.coyote.http11.Http11NioProtocol - (DirectJDKLog.java:18016:39:16.752 [main] INFO  o.a.catalina.core.StandardService - (DirectJDKLog.java:18016:39:16.753 [main] INFO  o.a.catalina.core.StandardEngine - (DirectJDKLog.java:18016:39:16.798 [localhost-startStop-1] INFO  o.a.c.core.AprLifecycleListener - (DirectJDKLog.java:18016:39:17.001 [localhost-startStop-1] INFO  o.a.c.c.C.[Tomcat].[localhost].[/] - (DirectJDKLog.java:18016:39:17.002 [localhost-startStop-1] INFO  o.s.web.context.ContextLoader - (ServletWebServerApplicationContext.java:28516:39:17.447 [localhost-startStop-1] WARN  c.n.c.s.URLConfigurationSource - (URLConfigurationSource.java:12116:39:17.447 [localhost-startStop-1] INFO  c.n.c.s.URLConfigurationSource - (URLConfigurationSource.java:12216:39:17.456 [localhost-startStop-1] INFO  c.n.config.DynamicPropertyFactory - (DynamicPropertyFactory.java:28116:39:18.879 [localhost-startStop-1] INFO  o.s.cloud.commons.util.InetUtils - (InetUtils.java:17016:39:20.702 [localhost-startStop-1] INFO  o.s.cloud.commons.util.InetUtils - (InetUtils.java:17016:39:22.426 [localhost-startStop-1] INFO  o.s.b.w.s.ServletRegistrationBean - (ServletRegistrationBean.java:18616:39:22.427 [localhost-startStop-1] INFO  o.s.b.w.s.ServletRegistrationBean - (ServletRegistrationBean.java:18616:39:22.437 [localhost-startStop-1] INFO  o.s.b.w.s.FilterRegistrationBean - (AbstractFilterRegistrationBean.java:24516:39:22.438 [localhost-startStop-1] INFO  o.s.b.w.s.FilterRegistrationBean - (AbstractFilterRegistrationBean.java:24516:39:22.438 [localhost-startStop-1] INFO  o.s.b.w.s.FilterRegistrationBean - (AbstractFilterRegistrationBean.java:24516:39:22.439 [localhost-startStop-1] INFO  o.s.b.w.s.FilterRegistrationBean - (AbstractFilterRegistrationBean.java:24516:39:22.439 [localhost-startStop-1] INFO  o.s.b.w.s.FilterRegistrationBean - (AbstractFilterRegistrationBean.java:24516:39:22.439 [localhost-startStop-1] INFO  o.s.b.w.s.FilterRegistrationBean - (AbstractFilterRegistrationBean.java:24516:39:22.440 [localhost-startStop-1] INFO  o.s.b.a.e.w.ServletEndpointRegistrar - (ServletEndpointRegistrar.java:6916:39:22.538 [main] WARN  c.n.c.s.URLConfigurationSource - (URLConfigurationSource.java:12116:39:22.538 [main] INFO  c.n.c.s.URLConfigurationSource - (URLConfigurationSource.java:12216:39:22.622 [main] INFO  o.s.w.s.h.SimpleUrlHandlerMapping - (AbstractUrlHandlerMapping.java:37316:39:22.820 [main] INFO  o.s.w.s.m.m.a.RequestMappingHandlerAdapter - (RequestMappingHandlerAdapter.java:57416:39:22.882 [main] INFO  o.s.w.s.m.m.a.RequestMappingHandlerMapping - (AbstractHandlerMethodMapping.java:54716:39:22.884 [main] INFO  o.s.w.s.m.m.a.RequestMappingHandlerMapping - (AbstractHandlerMethodMapping.java:54716:39:22.912 [main] INFO  o.s.w.s.h.SimpleUrlHandlerMapping - (AbstractUrlHandlerMapping.java:37316:39:22.913 [main] INFO  o.s.w.s.h.SimpleUrlHandlerMapping - (AbstractUrlHandlerMapping.java:37316:39:24.726 [main] INFO  o.s.c.n.zuul.ZuulFilterInitializer - (ZuulFilterInitializer.java:6516:39:24.753 [main] WARN  o.s.c.s.e.EurekaStarterDeprecationWarningAutoConfiguration - (EurekaStarterDeprecationWarningAutoConfiguration.java:1916:39:24.766 [main] INFO  o.s.b.a.e.web.EndpointLinksResolver - (EndpointLinksResolver.java:5916:39:24.777 [main] INFO  o.s.b.a.e.w.s.WebMvcEndpointHandlerMapping - (AbstractHandlerMethodMapping.java:54716:39:24.778 [main] INFO  o.s.b.a.e.w.s.WebMvcEndpointHandlerMapping - (AbstractHandlerMethodMapping.java:54716:39:24.779 [main] INFO  o.s.b.a.e.w.s.WebMvcEndpointHandlerMapping - (AbstractHandlerMethodMapping.java:54716:39:24.779 [main] INFO  o.s.b.a.e.w.s.WebMvcEndpointHandlerMapping - (AbstractHandlerMethodMapping.java:54716:39:24.779 [main] INFO  o.s.b.a.e.w.s.WebMvcEndpointHandlerMapping - (AbstractHandlerMethodMapping.java:54716:39:24.779 [main] INFO  o.s.b.a.e.w.s.WebMvcEndpointHandlerMapping - (AbstractHandlerMethodMapping.java:54716:39:24.779 [main] INFO  o.s.b.a.e.w.s.WebMvcEndpointHandlerMapping - (AbstractHandlerMethodMapping.java:54716:39:24.780 [main] INFO  o.s.b.a.e.w.s.WebMvcEndpointHandlerMapping - (AbstractHandlerMethodMapping.java:54716:39:24.780 [main] INFO  o.s.b.a.e.w.s.WebMvcEndpointHandlerMapping - (AbstractHandlerMethodMapping.java:54716:39:24.781 [main] INFO  o.s.b.a.e.w.s.WebMvcEndpointHandlerMapping - (AbstractHandlerMethodMapping.java:54716:39:24.781 [main] INFO  o.s.b.a.e.w.s.WebMvcEndpointHandlerMapping - (AbstractHandlerMethodMapping.java:54716:39:24.781 [main] INFO  o.s.b.a.e.w.s.WebMvcEndpointHandlerMapping - (AbstractHandlerMethodMapping.java:54716:39:24.782 [main] INFO  o.s.b.a.e.w.s.WebMvcEndpointHandlerMapping - (AbstractHandlerMethodMapping.java:54716:39:24.782 [main] INFO  o.s.b.a.e.w.s.WebMvcEndpointHandlerMapping - (AbstractHandlerMethodMapping.java:54716:39:24.782 [main] INFO  o.s.b.a.e.w.s.WebMvcEndpointHandlerMapping - (AbstractHandlerMethodMapping.java:54716:39:24.782 [main] INFO  o.s.b.a.e.w.s.WebMvcEndpointHandlerMapping - (AbstractHandlerMethodMapping.java:54716:39:24.783 [main] INFO  o.s.b.a.e.w.s.WebMvcEndpointHandlerMapping - (AbstractHandlerMethodMapping.java:54716:39:24.783 [main] INFO  o.s.b.a.e.w.s.WebMvcEndpointHandlerMapping - (AbstractHandlerMethodMapping.java:54716:39:24.783 [main] INFO  o.s.b.a.e.w.s.WebMvcEndpointHandlerMapping - (AbstractHandlerMethodMapping.java:54716:39:24.783 [main] INFO  o.s.b.a.e.w.s.WebMvcEndpointHandlerMapping - (AbstractHandlerMethodMapping.java:54716:39:24.784 [main] INFO  o.s.b.a.e.w.s.WebMvcEndpointHandlerMapping - (AbstractHandlerMethodMapping.java:54716:39:24.784 [main] INFO  o.s.b.a.e.w.s.WebMvcEndpointHandlerMapping - (AbstractHandlerMethodMapping.java:54716:39:24.784 [main] INFO  o.s.b.a.e.w.s.WebMvcEndpointHandlerMapping - (AbstractHandlerMethodMapping.java:54716:39:24.784 [main] INFO  o.s.b.a.e.w.s.WebMvcEndpointHandlerMapping - (AbstractHandlerMethodMapping.java:54716:39:24.785 [main] INFO  o.s.b.a.e.w.s.WebMvcEndpointHandlerMapping - (AbstractHandlerMethodMapping.java:54716:39:24.785 [main] INFO  o.s.b.a.e.w.s.WebMvcEndpointHandlerMapping - (AbstractHandlerMethodMapping.java:54716:39:24.785 [main] INFO  o.s.b.a.e.w.s.WebMvcEndpointHandlerMapping - (AbstractHandlerMethodMapping.java:54716:39:24.785 [main] INFO  o.s.b.a.e.w.s.WebMvcEndpointHandlerMapping - (AbstractHandlerMethodMapping.java:54716:39:24.786 [main] INFO  o.s.b.a.e.w.s.WebMvcEndpointHandlerMapping - (AbstractHandlerMethodMapping.java:54716:39:24.787 [main] INFO  o.s.b.a.e.w.s.WebMvcEndpointHandlerMapping - (AbstractHandlerMethodMapping.java:54716:39:24.840 [main] INFO  o.s.j.e.a.AnnotationMBeanExporter - (MBeanExporter.java:43316:39:24.854 [main] INFO  o.s.j.e.a.AnnotationMBeanExporter - (MBeanExporter.java:89516:39:24.856 [main] INFO  o.s.j.e.a.AnnotationMBeanExporter - (MBeanExporter.java:89516:39:24.856 [main] INFO  o.s.j.e.a.AnnotationMBeanExporter - (MBeanExporter.java:89516:39:24.861 [main] INFO  o.s.j.e.a.AnnotationMBeanExporter - (MBeanExporter.java:67516:39:24.871 [main] INFO  o.s.j.e.a.AnnotationMBeanExporter - (MBeanExporter.java:67516:39:24.881 [main] INFO  o.s.j.e.a.AnnotationMBeanExporter - (MBeanExporter.java:67516:39:24.893 [main] INFO  o.s.c.s.DefaultLifecycleProcessor - (DefaultLifecycleProcessor.java:35116:39:24.899 [main] INFO  o.s.c.n.eureka.InstanceInfoFactory - (InstanceInfoFactory.java:7116:39:24.945 [main] INFO  c.netflix.discovery.DiscoveryClient - (DiscoveryClient.java:34916:39:24.998 [main] INFO  c.n.d.p.DiscoveryJerseyProvider - (DiscoveryJerseyProvider.java:7016:39:24.998 [main] INFO  c.n.d.p.DiscoveryJerseyProvider - (DiscoveryJerseyProvider.java:7116:39:25.120 [main] INFO  c.n.d.p.DiscoveryJerseyProvider - (DiscoveryJerseyProvider.java:8016:39:25.120 [main] INFO  c.n.d.p.DiscoveryJerseyProvider - (DiscoveryJerseyProvider.java:8116:39:25.294 [main] INFO  c.n.d.s.r.aws.ConfigClusterResolver - (ConfigClusterResolver.java:4316:39:25.791 [main] INFO  c.netflix.discovery.DiscoveryClient - (DiscoveryClient.java:95816:39:25.791 [main] INFO  c.netflix.discovery.DiscoveryClient - (DiscoveryClient.java:95916:39:25.791 [main] INFO  c.netflix.discovery.DiscoveryClient - (DiscoveryClient.java:96016:39:25.792 [main] INFO  c.netflix.discovery.DiscoveryClient - (DiscoveryClient.java:96116:39:25.792 [main] INFO  c.netflix.discovery.DiscoveryClient - (DiscoveryClient.java:96216:39:25.792 [main] INFO  c.netflix.discovery.DiscoveryClient - (DiscoveryClient.java:96416:39:25.792 [main] INFO  c.netflix.discovery.DiscoveryClient - (DiscoveryClient.java:104716:39:28.121 [main] ERROR c.n.d.s.t.d.RedirectingEurekaHttpClient - (RedirectingEurekaHttpClient.java:83com.sun.jersey.api.client.ClientHandlerException: java.net.ConnectException: Connection refused: connect
	at com.sun.jersey.client.apache4.ApacheHttpClient4Handler.handle(ApacheHttpClient4Handler.java:187)
	at com.sun.jersey.api.client.filter.GZIPContentEncodingFilter.handle(GZIPContentEncodingFilter.java:123)
	at com.netflix.discovery.EurekaIdentityHeaderFilter.handle(EurekaIdentityHeaderFilter.java:27)
	at com.sun.jersey.api.client.Client.handle(Client.java:652)
	at com.sun.jersey.api.client.WebResource.handle(WebResource.java:682)
	at com.sun.jersey.api.client.WebResource.access$200(WebResource.java:74)
	at com.sun.jersey.api.client.WebResource$Builder.get(WebResource.java:509)
	at com.netflix.discovery.shared.transport.jersey.AbstractJerseyEurekaHttpClient.getApplicationsInternal(AbstractJerseyEurekaHttpClient.java:194)
	at com.netflix.discovery.shared.transport.jersey.AbstractJerseyEurekaHttpClient.getApplications(AbstractJerseyEurekaHttpClient.java:165)
	at com.netflix.discovery.shared.transport.decorator.EurekaHttpClientDecorator$6.execute(EurekaHttpClientDecorator.java:137)
	at com.netflix.discovery.shared.transport.decorator.MetricsCollectingEurekaHttpClient.execute(MetricsCollectingEurekaHttpClient.java:73)
	at com.netflix.discovery.shared.transport.decorator.EurekaHttpClientDecorator.getApplications(EurekaHttpClientDecorator.java:134)
	at com.netflix.discovery.shared.transport.decorator.EurekaHttpClientDecorator$6.execute(EurekaHttpClientDecorator.java:137)
	at com.netflix.discovery.shared.transport.decorator.RedirectingEurekaHttpClient.executeOnNewServer(RedirectingEurekaHttpClient.java:118)
	at com.netflix.discovery.shared.transport.decorator.RedirectingEurekaHttpClient.execute(RedirectingEurekaHttpClient.java:79)
	at com.netflix.discovery.shared.transport.decorator.EurekaHttpClientDecorator.getApplications(EurekaHttpClientDecorator.java:134)
	at com.netflix.discovery.shared.transport.decorator.EurekaHttpClientDecorator$6.execute(EurekaHttpClientDecorator.java:137)
	at com.netflix.discovery.shared.transport.decorator.RetryableEurekaHttpClient.execute(RetryableEurekaHttpClient.java:120)
	at com.netflix.discovery.shared.transport.decorator.EurekaHttpClientDecorator.getApplications(EurekaHttpClientDecorator.java:134)
	at com.netflix.discovery.shared.transport.decorator.EurekaHttpClientDecorator$6.execute(EurekaHttpClientDecorator.java:137)
	at com.netflix.discovery.shared.transport.decorator.SessionedEurekaHttpClient.execute(SessionedEurekaHttpClient.java:77)
	at com.netflix.discovery.shared.transport.decorator.EurekaHttpClientDecorator.getApplications(EurekaHttpClientDecorator.java:134)
	at com.netflix.discovery.DiscoveryClient.getAndStoreFullRegistry(DiscoveryClient.java:1051)
	at com.netflix.discovery.DiscoveryClient.fetchRegistry(DiscoveryClient.java:965)
	at com.netflix.discovery.DiscoveryClient.<init>(DiscoveryClient.java:414)
	at com.netflix.discovery.DiscoveryClient.<init>(DiscoveryClient.java:269)
	at org.springframework.cloud.netflix.eureka.CloudEurekaClient.<init>(CloudEurekaClient.java:63)
	at org.springframework.cloud.netflix.eureka.EurekaClientAutoConfiguration$RefreshableEurekaClientConfiguration.eurekaClient(EurekaClientAutoConfiguration.java:269)
	at org.springframework.cloud.netflix.eureka.EurekaClientAutoConfiguration$RefreshableEurekaClientConfiguration$$EnhancerBySpringCGLIB$$c877ea8e.CGLIB$eurekaClient$1(<generated>)
	at org.springframework.cloud.netflix.eureka.EurekaClientAutoConfiguration$RefreshableEurekaClientConfiguration$$EnhancerBySpringCGLIB$$c877ea8e$$FastClassBySpringCGLIB$$aa1f9e60.invoke(<generated>)
	at org.springframework.cglib.proxy.MethodProxy.invokeSuper(MethodProxy.java:228)
	at org.springframework.context.annotation.ConfigurationClassEnhancer$BeanMethodInterceptor.intercept(ConfigurationClassEnhancer.java:361)
	at org.springframework.cloud.netflix.eureka.EurekaClientAutoConfiguration$RefreshableEurekaClientConfiguration$$EnhancerBySpringCGLIB$$c877ea8e.eurekaClient(<generated>)
	at sun.reflect.NativeMethodAccessorImpl.invoke0(Native Method)
	at sun.reflect.NativeMethodAccessorImpl.invoke(NativeMethodAccessorImpl.java:62)
	at sun.reflect.DelegatingMethodAccessorImpl.invoke(DelegatingMethodAccessorImpl.java:43)
	at java.lang.reflect.Method.invoke(Method.java:498)
	at org.springframework.beans.factory.support.SimpleInstantiationStrategy.instantiate(SimpleInstantiationStrategy.java:154)
	at org.springframework.beans.factory.support.ConstructorResolver.instantiateUsingFactoryMethod(ConstructorResolver.java:582)
	at org.springframework.beans.factory.support.AbstractAutowireCapableBeanFactory.instantiateUsingFactoryMethod(AbstractAutowireCapableBeanFactory.java:1256)
	at org.springframework.beans.factory.support.AbstractAutowireCapableBeanFactory.createBeanInstance(AbstractAutowireCapableBeanFactory.java:1105)
	at org.springframework.beans.factory.support.AbstractAutowireCapableBeanFactory.doCreateBean(AbstractAutowireCapableBeanFactory.java:543)
	at org.springframework.beans.factory.support.AbstractAutowireCapableBeanFactory.createBean(AbstractAutowireCapableBeanFactory.java:503)
	at org.springframework.beans.factory.support.AbstractBeanFactory.lambda$doGetBean$1(AbstractBeanFactory.java:353)
	at org.springframework.cloud.context.scope.GenericScope$BeanLifecycleWrapper.getBean(GenericScope.java:390)
	at org.springframework.cloud.context.scope.GenericScope.get(GenericScope.java:184)
	at org.springframework.beans.factory.support.AbstractBeanFactory.doGetBean(AbstractBeanFactory.java:350)
	at org.springframework.beans.factory.support.AbstractBeanFactory.getBean(AbstractBeanFactory.java:199)
	at org.springframework.aop.target.SimpleBeanTargetSource.getTarget(SimpleBeanTargetSource.java:35)
	at org.springframework.cloud.netflix.eureka.serviceregistry.EurekaRegistration.getTargetObject(EurekaRegistration.java:167)
	at org.springframework.cloud.netflix.eureka.serviceregistry.EurekaRegistration.getEurekaClient(EurekaRegistration.java:156)
	at org.springframework.cloud.netflix.eureka.serviceregistry.EurekaServiceRegistry.maybeInitializeClient(EurekaServiceRegistry.java:57)
	at org.springframework.cloud.netflix.eureka.serviceregistry.EurekaServiceRegistry.register(EurekaServiceRegistry.java:39)
	at org.springframework.cloud.netflix.eureka.serviceregistry.EurekaAutoServiceRegistration.start(EurekaAutoServiceRegistration.java:80)
	at org.springframework.context.support.DefaultLifecycleProcessor.doStart(DefaultLifecycleProcessor.java:181)
	at org.springframework.context.support.DefaultLifecycleProcessor.access$200(DefaultLifecycleProcessor.java:52)
	at org.springframework.context.support.DefaultLifecycleProcessor$LifecycleGroup.start(DefaultLifecycleProcessor.java:356)
	at org.springframework.context.support.DefaultLifecycleProcessor.startBeans(DefaultLifecycleProcessor.java:157)
	at org.springframework.context.support.DefaultLifecycleProcessor.onRefresh(DefaultLifecycleProcessor.java:121)
	at org.springframework.context.support.AbstractApplicationContext.finishRefresh(AbstractApplicationContext.java:885)
	at org.springframework.boot.web.servlet.context.ServletWebServerApplicationContext.finishRefresh(ServletWebServerApplicationContext.java:161)
	at org.springframework.context.support.AbstractApplicationContext.refresh(AbstractApplicationContext.java:553)
	at org.springframework.boot.web.servlet.context.ServletWebServerApplicationContext.refresh(ServletWebServerApplicationContext.java:140)
	at org.springframework.boot.SpringApplication.refresh(SpringApplication.java:759)
	at org.springframework.boot.SpringApplication.refreshContext(SpringApplication.java:395)
	at org.springframework.boot.SpringApplication.run(SpringApplication.java:327)
	at org.springframework.boot.SpringApplication.run(SpringApplication.java:1255)
	at org.springframework.boot.SpringApplication.run(SpringApplication.java:1243)
	at com.xgn.fzc.zuul.ZuulApplication.main(ZuulApplication.java:13)
Caused by: java.net.ConnectException: Connection refused: connect
	at java.net.DualStackPlainSocketImpl.waitForConnect(Native Method)
	at java.net.DualStackPlainSocketImpl.socketConnect(DualStackPlainSocketImpl.java:85)
	at java.net.AbstractPlainSocketImpl.doConnect(AbstractPlainSocketImpl.java:350)
	at java.net.AbstractPlainSocketImpl.connectToAddress(AbstractPlainSocketImpl.java:206)
	at java.net.AbstractPlainSocketImpl.connect(AbstractPlainSocketImpl.java:188)
	at java.net.PlainSocketImpl.connect(PlainSocketImpl.java:172)
	at java.net.SocksSocketImpl.connect(SocksSocketImpl.java:392)
	at java.net.Socket.connect(Socket.java:589)
	at org.apache.http.conn.scheme.PlainSocketFactory.connectSocket(PlainSocketFactory.java:121)
	at org.apache.http.impl.conn.DefaultClientConnectionOperator.openConnection(DefaultClientConnectionOperator.java:180)
	at org.apache.http.impl.conn.AbstractPoolEntry.open(AbstractPoolEntry.java:144)
	at org.apache.http.impl.conn.AbstractPooledConnAdapter.open(AbstractPooledConnAdapter.java:134)
	at org.apache.http.impl.client.DefaultRequestDirector.tryConnect(DefaultRequestDirector.java:610)
	at org.apache.http.impl.client.DefaultRequestDirector.execute(DefaultRequestDirector.java:445)
	at org.apache.http.impl.client.AbstractHttpClient.doExecute(AbstractHttpClient.java:835)
	at org.apache.http.impl.client.CloseableHttpClient.execute(CloseableHttpClient.java:118)
	at org.apache.http.impl.client.CloseableHttpClient.execute(CloseableHttpClient.java:56)
	at com.sun.jersey.client.apache4.ApacheHttpClient4Handler.handle(ApacheHttpClient4Handler.java:173)
	... 68 common frames omitted
16:39:28.125 [main] WARN  c.n.d.s.t.d.RetryableEurekaHttpClient - (RetryableEurekaHttpClient.java:13016:39:28.126 [main] ERROR c.netflix.discovery.DiscoveryClient - (DiscoveryClient.java:972com.netflix.discovery.shared.transport.TransportException: Cannot execute request on any known server
	at com.netflix.discovery.shared.transport.decorator.RetryableEurekaHttpClient.execute(RetryableEurekaHttpClient.java:112)
	at com.netflix.discovery.shared.transport.decorator.EurekaHttpClientDecorator.getApplications(EurekaHttpClientDecorator.java:134)
	at com.netflix.discovery.shared.transport.decorator.EurekaHttpClientDecorator$6.execute(EurekaHttpClientDecorator.java:137)
	at com.netflix.discovery.shared.transport.decorator.SessionedEurekaHttpClient.execute(SessionedEurekaHttpClient.java:77)
	at com.netflix.discovery.shared.transport.decorator.EurekaHttpClientDecorator.getApplications(EurekaHttpClientDecorator.java:134)
	at com.netflix.discovery.DiscoveryClient.getAndStoreFullRegistry(DiscoveryClient.java:1051)
	at com.netflix.discovery.DiscoveryClient.fetchRegistry(DiscoveryClient.java:965)
	at com.netflix.discovery.DiscoveryClient.<init>(DiscoveryClient.java:414)
	at com.netflix.discovery.DiscoveryClient.<init>(DiscoveryClient.java:269)
	at org.springframework.cloud.netflix.eureka.CloudEurekaClient.<init>(CloudEurekaClient.java:63)
	at org.springframework.cloud.netflix.eureka.EurekaClientAutoConfiguration$RefreshableEurekaClientConfiguration.eurekaClient(EurekaClientAutoConfiguration.java:269)
	at org.springframework.cloud.netflix.eureka.EurekaClientAutoConfiguration$RefreshableEurekaClientConfiguration$$EnhancerBySpringCGLIB$$c877ea8e.CGLIB$eurekaClient$1(<generated>)
	at org.springframework.cloud.netflix.eureka.EurekaClientAutoConfiguration$RefreshableEurekaClientConfiguration$$EnhancerBySpringCGLIB$$c877ea8e$$FastClassBySpringCGLIB$$aa1f9e60.invoke(<generated>)
	at org.springframework.cglib.proxy.MethodProxy.invokeSuper(MethodProxy.java:228)
	at org.springframework.context.annotation.ConfigurationClassEnhancer$BeanMethodInterceptor.intercept(ConfigurationClassEnhancer.java:361)
	at org.springframework.cloud.netflix.eureka.EurekaClientAutoConfiguration$RefreshableEurekaClientConfiguration$$EnhancerBySpringCGLIB$$c877ea8e.eurekaClient(<generated>)
	at sun.reflect.NativeMethodAccessorImpl.invoke0(Native Method)
	at sun.reflect.NativeMethodAccessorImpl.invoke(NativeMethodAccessorImpl.java:62)
	at sun.reflect.DelegatingMethodAccessorImpl.invoke(DelegatingMethodAccessorImpl.java:43)
	at java.lang.reflect.Method.invoke(Method.java:498)
	at org.springframework.beans.factory.support.SimpleInstantiationStrategy.instantiate(SimpleInstantiationStrategy.java:154)
	at org.springframework.beans.factory.support.ConstructorResolver.instantiateUsingFactoryMethod(ConstructorResolver.java:582)
	at org.springframework.beans.factory.support.AbstractAutowireCapableBeanFactory.instantiateUsingFactoryMethod(AbstractAutowireCapableBeanFactory.java:1256)
	at org.springframework.beans.factory.support.AbstractAutowireCapableBeanFactory.createBeanInstance(AbstractAutowireCapableBeanFactory.java:1105)
	at org.springframework.beans.factory.support.AbstractAutowireCapableBeanFactory.doCreateBean(AbstractAutowireCapableBeanFactory.java:543)
	at org.springframework.beans.factory.support.AbstractAutowireCapableBeanFactory.createBean(AbstractAutowireCapableBeanFactory.java:503)
	at org.springframework.beans.factory.support.AbstractBeanFactory.lambda$doGetBean$1(AbstractBeanFactory.java:353)
	at org.springframework.cloud.context.scope.GenericScope$BeanLifecycleWrapper.getBean(GenericScope.java:390)
	at org.springframework.cloud.context.scope.GenericScope.get(GenericScope.java:184)
	at org.springframework.beans.factory.support.AbstractBeanFactory.doGetBean(AbstractBeanFactory.java:350)
	at org.springframework.beans.factory.support.AbstractBeanFactory.getBean(AbstractBeanFactory.java:199)
	at org.springframework.aop.target.SimpleBeanTargetSource.getTarget(SimpleBeanTargetSource.java:35)
	at org.springframework.cloud.netflix.eureka.serviceregistry.EurekaRegistration.getTargetObject(EurekaRegistration.java:167)
	at org.springframework.cloud.netflix.eureka.serviceregistry.EurekaRegistration.getEurekaClient(EurekaRegistration.java:156)
	at org.springframework.cloud.netflix.eureka.serviceregistry.EurekaServiceRegistry.maybeInitializeClient(EurekaServiceRegistry.java:57)
	at org.springframework.cloud.netflix.eureka.serviceregistry.EurekaServiceRegistry.register(EurekaServiceRegistry.java:39)
	at org.springframework.cloud.netflix.eureka.serviceregistry.EurekaAutoServiceRegistration.start(EurekaAutoServiceRegistration.java:80)
	at org.springframework.context.support.DefaultLifecycleProcessor.doStart(DefaultLifecycleProcessor.java:181)
	at org.springframework.context.support.DefaultLifecycleProcessor.access$200(DefaultLifecycleProcessor.java:52)
	at org.springframework.context.support.DefaultLifecycleProcessor$LifecycleGroup.start(DefaultLifecycleProcessor.java:356)
	at org.springframework.context.support.DefaultLifecycleProcessor.startBeans(DefaultLifecycleProcessor.java:157)
	at org.springframework.context.support.DefaultLifecycleProcessor.onRefresh(DefaultLifecycleProcessor.java:121)
	at org.springframework.context.support.AbstractApplicationContext.finishRefresh(AbstractApplicationContext.java:885)
	at org.springframework.boot.web.servlet.context.ServletWebServerApplicationContext.finishRefresh(ServletWebServerApplicationContext.java:161)
	at org.springframework.context.support.AbstractApplicationContext.refresh(AbstractApplicationContext.java:553)
	at org.springframework.boot.web.servlet.context.ServletWebServerApplicationContext.refresh(ServletWebServerApplicationContext.java:140)
	at org.springframework.boot.SpringApplication.refresh(SpringApplication.java:759)
	at org.springframework.boot.SpringApplication.refreshContext(SpringApplication.java:395)
	at org.springframework.boot.SpringApplication.run(SpringApplication.java:327)
	at org.springframework.boot.SpringApplication.run(SpringApplication.java:1255)
	at org.springframework.boot.SpringApplication.run(SpringApplication.java:1243)
	at com.xgn.fzc.zuul.ZuulApplication.main(ZuulApplication.java:13)
16:39:28.133 [main] WARN  c.netflix.discovery.DiscoveryClient - (DiscoveryClient.java:29016:39:28.134 [main] INFO  c.netflix.discovery.DiscoveryClient - (DiscoveryClient.java:126416:39:28.138 [main] INFO  c.n.d.InstanceInfoReplicator - (InstanceInfoReplicator.java:6016:39:28.145 [main] INFO  c.netflix.discovery.DiscoveryClient - (DiscoveryClient.java:44916:39:28.159 [main] INFO  o.s.c.n.e.s.EurekaServiceRegistry - (EurekaServiceRegistry.java:4216:39:28.161 [main] INFO  c.netflix.discovery.DiscoveryClient - (DiscoveryClient.java:129916:39:28.169 [DiscoveryClient-InstanceInfoReplicator-0] INFO  c.netflix.discovery.DiscoveryClient - (DiscoveryClient.java:82616:39:28.181 [main] INFO  o.a.coyote.http11.Http11NioProtocol - (DirectJDKLog.java:18016:39:28.192 [main] INFO  o.a.tomcat.util.net.NioSelectorPool - (DirectJDKLog.java:18016:39:28.207 [main] INFO  o.s.b.w.e.tomcat.TomcatWebServer - (TomcatWebServer.java:20616:39:28.209 [main] INFO  o.s.c.n.e.s.EurekaAutoServiceRegistration - (EurekaAutoServiceRegistration.java:12416:39:28.211 [main] INFO  com.xgn.fzc.zuul.ZuulApplication - (StartupInfoLogger.java:5916:39:30.324 [DiscoveryClient-InstanceInfoReplicator-0] ERROR c.n.d.s.t.d.RedirectingEurekaHttpClient - (RedirectingEurekaHttpClient.java:83com.sun.jersey.api.client.ClientHandlerException: java.net.ConnectException: Connection refused: connect
	at com.sun.jersey.client.apache4.ApacheHttpClient4Handler.handle(ApacheHttpClient4Handler.java:187)
	at com.sun.jersey.api.client.filter.GZIPContentEncodingFilter.handle(GZIPContentEncodingFilter.java:123)
	at com.netflix.discovery.EurekaIdentityHeaderFilter.handle(EurekaIdentityHeaderFilter.java:27)
	at com.sun.jersey.api.client.Client.handle(Client.java:652)
	at com.sun.jersey.api.client.WebResource.handle(WebResource.java:682)
	at com.sun.jersey.api.client.WebResource.access$200(WebResource.java:74)
	at com.sun.jersey.api.client.WebResource$Builder.post(WebResource.java:570)
	at com.netflix.discovery.shared.transport.jersey.AbstractJerseyEurekaHttpClient.register(AbstractJerseyEurekaHttpClient.java:56)
	at com.netflix.discovery.shared.transport.decorator.EurekaHttpClientDecorator$1.execute(EurekaHttpClientDecorator.java:59)
	at com.netflix.discovery.shared.transport.decorator.MetricsCollectingEurekaHttpClient.execute(MetricsCollectingEurekaHttpClient.java:73)
	at com.netflix.discovery.shared.transport.decorator.EurekaHttpClientDecorator.register(EurekaHttpClientDecorator.java:56)
	at com.netflix.discovery.shared.transport.decorator.EurekaHttpClientDecorator$1.execute(EurekaHttpClientDecorator.java:59)
	at com.netflix.discovery.shared.transport.decorator.RedirectingEurekaHttpClient.executeOnNewServer(RedirectingEurekaHttpClient.java:118)
	at com.netflix.discovery.shared.transport.decorator.RedirectingEurekaHttpClient.execute(RedirectingEurekaHttpClient.java:79)
	at com.netflix.discovery.shared.transport.decorator.EurekaHttpClientDecorator.register(EurekaHttpClientDecorator.java:56)
	at com.netflix.discovery.shared.transport.decorator.EurekaHttpClientDecorator$1.execute(EurekaHttpClientDecorator.java:59)
	at com.netflix.discovery.shared.transport.decorator.RetryableEurekaHttpClient.execute(RetryableEurekaHttpClient.java:120)
	at com.netflix.discovery.shared.transport.decorator.EurekaHttpClientDecorator.register(EurekaHttpClientDecorator.java:56)
	at com.netflix.discovery.shared.transport.decorator.EurekaHttpClientDecorator$1.execute(EurekaHttpClientDecorator.java:59)
	at com.netflix.discovery.shared.transport.decorator.SessionedEurekaHttpClient.execute(SessionedEurekaHttpClient.java:77)
	at com.netflix.discovery.shared.transport.decorator.EurekaHttpClientDecorator.register(EurekaHttpClientDecorator.java:56)
	at com.netflix.discovery.DiscoveryClient.register(DiscoveryClient.java:829)
	at com.netflix.discovery.InstanceInfoReplicator.run(InstanceInfoReplicator.java:121)
	at com.netflix.discovery.InstanceInfoReplicator$1.run(InstanceInfoReplicator.java:101)
	at java.util.concurrent.Executors$RunnableAdapter.call(Executors.java:511)
	at java.util.concurrent.FutureTask.run(FutureTask.java:266)
	at java.util.concurrent.ScheduledThreadPoolExecutor$ScheduledFutureTask.access$201(ScheduledThreadPoolExecutor.java:180)
	at java.util.concurrent.ScheduledThreadPoolExecutor$ScheduledFutureTask.run(ScheduledThreadPoolExecutor.java:293)
	at java.util.concurrent.ThreadPoolExecutor.runWorker(ThreadPoolExecutor.java:1142)
	at java.util.concurrent.ThreadPoolExecutor$Worker.run(ThreadPoolExecutor.java:617)
	at java.lang.Thread.run(Thread.java:745)
Caused by: java.net.ConnectException: Connection refused: connect
	at java.net.DualStackPlainSocketImpl.waitForConnect(Native Method)
	at java.net.DualStackPlainSocketImpl.socketConnect(DualStackPlainSocketImpl.java:85)
	at java.net.AbstractPlainSocketImpl.doConnect(AbstractPlainSocketImpl.java:350)
	at java.net.AbstractPlainSocketImpl.connectToAddress(AbstractPlainSocketImpl.java:206)
	at java.net.AbstractPlainSocketImpl.connect(AbstractPlainSocketImpl.java:188)
	at java.net.PlainSocketImpl.connect(PlainSocketImpl.java:172)
	at java.net.SocksSocketImpl.connect(SocksSocketImpl.java:392)
	at java.net.Socket.connect(Socket.java:589)
	at org.apache.http.conn.scheme.PlainSocketFactory.connectSocket(PlainSocketFactory.java:121)
	at org.apache.http.impl.conn.DefaultClientConnectionOperator.openConnection(DefaultClientConnectionOperator.java:180)
	at org.apache.http.impl.conn.AbstractPoolEntry.open(AbstractPoolEntry.java:144)
	at org.apache.http.impl.conn.AbstractPooledConnAdapter.open(AbstractPooledConnAdapter.java:134)
	at org.apache.http.impl.client.DefaultRequestDirector.tryConnect(DefaultRequestDirector.java:610)
	at org.apache.http.impl.client.DefaultRequestDirector.execute(DefaultRequestDirector.java:445)
	at org.apache.http.impl.client.AbstractHttpClient.doExecute(AbstractHttpClient.java:835)
	at org.apache.http.impl.client.CloseableHttpClient.execute(CloseableHttpClient.java:118)
	at org.apache.http.impl.client.CloseableHttpClient.execute(CloseableHttpClient.java:56)
	at com.sun.jersey.client.apache4.ApacheHttpClient4Handler.handle(ApacheHttpClient4Handler.java:173)
	... 30 common frames omitted
16:39:30.331 [DiscoveryClient-InstanceInfoReplicator-0] WARN  c.n.d.s.t.d.RetryableEurekaHttpClient - (RetryableEurekaHttpClient.java:13016:39:30.332 [DiscoveryClient-InstanceInfoReplicator-0] WARN  c.netflix.discovery.DiscoveryClient - (DiscoveryClient.java:831com.netflix.discovery.shared.transport.TransportException: Cannot execute request on any known server
	at com.netflix.discovery.shared.transport.decorator.RetryableEurekaHttpClient.execute(RetryableEurekaHttpClient.java:112)
	at com.netflix.discovery.shared.transport.decorator.EurekaHttpClientDecorator.register(EurekaHttpClientDecorator.java:56)
	at com.netflix.discovery.shared.transport.decorator.EurekaHttpClientDecorator$1.execute(EurekaHttpClientDecorator.java:59)
	at com.netflix.discovery.shared.transport.decorator.SessionedEurekaHttpClient.execute(SessionedEurekaHttpClient.java:77)
	at com.netflix.discovery.shared.transport.decorator.EurekaHttpClientDecorator.register(EurekaHttpClientDecorator.java:56)
	at com.netflix.discovery.DiscoveryClient.register(DiscoveryClient.java:829)
	at com.netflix.discovery.InstanceInfoReplicator.run(InstanceInfoReplicator.java:121)
	at com.netflix.discovery.InstanceInfoReplicator$1.run(InstanceInfoReplicator.java:101)
	at java.util.concurrent.Executors$RunnableAdapter.call(Executors.java:511)
	at java.util.concurrent.FutureTask.run(FutureTask.java:266)
	at java.util.concurrent.ScheduledThreadPoolExecutor$ScheduledFutureTask.access$201(ScheduledThreadPoolExecutor.java:180)
	at java.util.concurrent.ScheduledThreadPoolExecutor$ScheduledFutureTask.run(ScheduledThreadPoolExecutor.java:293)
	at java.util.concurrent.ThreadPoolExecutor.runWorker(ThreadPoolExecutor.java:1142)
	at java.util.concurrent.ThreadPoolExecutor$Worker.run(ThreadPoolExecutor.java:617)
	at java.lang.Thread.run(Thread.java:745)
16:39:30.332 [DiscoveryClient-InstanceInfoReplicator-0] WARN  c.n.d.InstanceInfoReplicator - (InstanceInfoReplicator.java:125com.netflix.discovery.shared.transport.TransportException: Cannot execute request on any known server
	at com.netflix.discovery.shared.transport.decorator.RetryableEurekaHttpClient.execute(RetryableEurekaHttpClient.java:112)
	at com.netflix.discovery.shared.transport.decorator.EurekaHttpClientDecorator.register(EurekaHttpClientDecorator.java:56)
	at com.netflix.discovery.shared.transport.decorator.EurekaHttpClientDecorator$1.execute(EurekaHttpClientDecorator.java:59)
	at com.netflix.discovery.shared.transport.decorator.SessionedEurekaHttpClient.execute(SessionedEurekaHttpClient.java:77)
	at com.netflix.discovery.shared.transport.decorator.EurekaHttpClientDecorator.register(EurekaHttpClientDecorator.java:56)
	at com.netflix.discovery.DiscoveryClient.register(DiscoveryClient.java:829)
	at com.netflix.discovery.InstanceInfoReplicator.run(InstanceInfoReplicator.java:121)
	at com.netflix.discovery.InstanceInfoReplicator$1.run(InstanceInfoReplicator.java:101)
	at java.util.concurrent.Executors$RunnableAdapter.call(Executors.java:511)
	at java.util.concurrent.FutureTask.run(FutureTask.java:266)
	at java.util.concurrent.ScheduledThreadPoolExecutor$ScheduledFutureTask.access$201(ScheduledThreadPoolExecutor.java:180)
	at java.util.concurrent.ScheduledThreadPoolExecutor$ScheduledFutureTask.run(ScheduledThreadPoolExecutor.java:293)
	at java.util.concurrent.ThreadPoolExecutor.runWorker(ThreadPoolExecutor.java:1142)
	at java.util.concurrent.ThreadPoolExecutor$Worker.run(ThreadPoolExecutor.java:617)
	at java.lang.Thread.run(Thread.java:745)
16:39:33.757 [RMI TCP Connection(12)-127.0.0.1] INFO  o.a.c.c.C.[Tomcat].[localhost].[/] - (DirectJDKLog.java:18016:39:33.757 [RMI TCP Connection(12)-127.0.0.1] INFO  o.s.web.servlet.DispatcherServlet - (FrameworkServlet.java:49416:39:33.773 [RMI TCP Connection(12)-127.0.0.1] INFO  o.s.web.servlet.DispatcherServlet - (FrameworkServlet.java:50916:39:58.136 [DiscoveryClient-CacheRefreshExecutor-0] INFO  c.netflix.discovery.DiscoveryClient - (DiscoveryClient.java:95816:39:58.136 [DiscoveryClient-CacheRefreshExecutor-0] INFO  c.netflix.discovery.DiscoveryClient - (DiscoveryClient.java:95916:39:58.137 [DiscoveryClient-CacheRefreshExecutor-0] INFO  c.netflix.discovery.DiscoveryClient - (DiscoveryClient.java:96016:39:58.137 [DiscoveryClient-CacheRefreshExecutor-0] INFO  c.netflix.discovery.DiscoveryClient - (DiscoveryClient.java:96116:39:58.137 [DiscoveryClient-CacheRefreshExecutor-0] INFO  c.netflix.discovery.DiscoveryClient - (DiscoveryClient.java:96216:39:58.137 [DiscoveryClient-CacheRefreshExecutor-0] INFO  c.netflix.discovery.DiscoveryClient - (DiscoveryClient.java:96416:39:58.137 [DiscoveryClient-CacheRefreshExecutor-0] INFO  c.netflix.discovery.DiscoveryClient - (DiscoveryClient.java:104716:39:58.165 [DiscoveryClient-HeartbeatExecutor-0] INFO  c.netflix.discovery.DiscoveryClient - (DiscoveryClient.java:85016:39:58.165 [DiscoveryClient-HeartbeatExecutor-0] INFO  c.netflix.discovery.DiscoveryClient - (DiscoveryClient.java:82616:39:58.173 [DiscoveryClient-CacheRefreshExecutor-0] INFO  c.netflix.discovery.DiscoveryClient - (DiscoveryClient.java:105616:39:58.181 [DiscoveryClient-HeartbeatExecutor-0] INFO  c.netflix.discovery.DiscoveryClient - (DiscoveryClient.java:83516:40:06.030 [http-nio-8769-exec-1] INFO  o.s.c.n.zuul.web.ZuulHandlerMapping - (AbstractUrlHandlerMapping.java:37316:40:06.030 [http-nio-8769-exec-1] INFO  o.s.c.n.zuul.web.ZuulHandlerMapping - (AbstractUrlHandlerMapping.java:37316:40:06.042 [http-nio-8769-exec-1] INFO  com.xgn.fzc.zuul.XgnZuulFilter - (XgnZuulFilter.java:4916:40:06.057 [http-nio-8769-exec-1] INFO  o.s.c.a.AnnotationConfigApplicationContext - (AbstractApplicationContext.java:59016:40:06.105 [http-nio-8769-exec-1] INFO  o.s.b.f.a.AutowiredAnnotationBeanPostProcessor - (AutowiredAnnotationBeanPostProcessor.java:15416:40:06.276 [http-nio-8769-exec-1] INFO  c.n.config.ChainedDynamicProperty - (ChainedDynamicProperty.java:11516:40:06.295 [http-nio-8769-exec-1] INFO  c.n.u.c.ShutdownEnabledTimer - (ShutdownEnabledTimer.java:5816:40:06.313 [http-nio-8769-exec-1] INFO  c.n.loadbalancer.BaseLoadBalancer - (BaseLoadBalancer.java:19216:40:06.319 [http-nio-8769-exec-1] INFO  c.n.l.DynamicServerListLoadBalancer - (DynamicServerListLoadBalancer.java:22216:40:06.322 [http-nio-8769-exec-1] INFO  c.n.l.DynamicServerListLoadBalancer - (DynamicServerListLoadBalancer.java:15016:40:06.495 [http-nio-8769-exec-1] WARN  o.s.c.n.z.f.post.SendErrorFilter - (SendErrorFilter.java:78com.netflix.zuul.exception.ZuulException: Forwarding error
	at org.springframework.cloud.netflix.zuul.filters.route.RibbonRoutingFilter.handleException(RibbonRoutingFilter.java:189)
	at org.springframework.cloud.netflix.zuul.filters.route.RibbonRoutingFilter.forward(RibbonRoutingFilter.java:164)
	at org.springframework.cloud.netflix.zuul.filters.route.RibbonRoutingFilter.run(RibbonRoutingFilter.java:112)
	at com.netflix.zuul.ZuulFilter.runFilter(ZuulFilter.java:117)
	at com.netflix.zuul.FilterProcessor.processZuulFilter(FilterProcessor.java:193)
	at com.netflix.zuul.FilterProcessor.runFilters(FilterProcessor.java:157)
	at com.netflix.zuul.FilterProcessor.route(FilterProcessor.java:118)
	at com.netflix.zuul.ZuulRunner.route(ZuulRunner.java:96)
	at com.netflix.zuul.http.ZuulServlet.route(ZuulServlet.java:116)
	at com.netflix.zuul.http.ZuulServlet.service(ZuulServlet.java:81)
	at org.springframework.web.servlet.mvc.ServletWrappingController.handleRequestInternal(ServletWrappingController.java:165)
	at org.springframework.cloud.netflix.zuul.web.ZuulController.handleRequest(ZuulController.java:44)
	at org.springframework.web.servlet.mvc.SimpleControllerHandlerAdapter.handle(SimpleControllerHandlerAdapter.java:52)
	at org.springframework.web.servlet.DispatcherServlet.doDispatch(DispatcherServlet.java:991)
	at org.springframework.web.servlet.DispatcherServlet.doService(DispatcherServlet.java:925)
	at org.springframework.web.servlet.FrameworkServlet.processRequest(FrameworkServlet.java:974)
	at org.springframework.web.servlet.FrameworkServlet.doGet(FrameworkServlet.java:866)
	at javax.servlet.http.HttpServlet.service(HttpServlet.java:635)
	at org.springframework.web.servlet.FrameworkServlet.service(FrameworkServlet.java:851)
	at javax.servlet.http.HttpServlet.service(HttpServlet.java:742)
	at org.apache.catalina.core.ApplicationFilterChain.internalDoFilter(ApplicationFilterChain.java:231)
	at org.apache.catalina.core.ApplicationFilterChain.doFilter(ApplicationFilterChain.java:166)
	at org.apache.tomcat.websocket.server.WsFilter.doFilter(WsFilter.java:52)
	at org.apache.catalina.core.ApplicationFilterChain.internalDoFilter(ApplicationFilterChain.java:193)
	at org.apache.catalina.core.ApplicationFilterChain.doFilter(ApplicationFilterChain.java:166)
	at org.springframework.boot.actuate.metrics.web.servlet.WebMvcMetricsFilter.filterAndRecordMetrics(WebMvcMetricsFilter.java:158)
	at org.springframework.boot.actuate.metrics.web.servlet.WebMvcMetricsFilter.filterAndRecordMetrics(WebMvcMetricsFilter.java:126)
	at org.springframework.boot.actuate.metrics.web.servlet.WebMvcMetricsFilter.doFilterInternal(WebMvcMetricsFilter.java:111)
	at org.springframework.web.filter.OncePerRequestFilter.doFilter(OncePerRequestFilter.java:107)
	at org.apache.catalina.core.ApplicationFilterChain.internalDoFilter(ApplicationFilterChain.java:193)
	at org.apache.catalina.core.ApplicationFilterChain.doFilter(ApplicationFilterChain.java:166)
	at org.springframework.boot.actuate.web.trace.servlet.HttpTraceFilter.doFilterInternal(HttpTraceFilter.java:90)
	at org.springframework.web.filter.OncePerRequestFilter.doFilter(OncePerRequestFilter.java:107)
	at org.apache.catalina.core.ApplicationFilterChain.internalDoFilter(ApplicationFilterChain.java:193)
	at org.apache.catalina.core.ApplicationFilterChain.doFilter(ApplicationFilterChain.java:166)
	at org.springframework.web.filter.RequestContextFilter.doFilterInternal(RequestContextFilter.java:99)
	at org.springframework.web.filter.OncePerRequestFilter.doFilter(OncePerRequestFilter.java:107)
	at org.apache.catalina.core.ApplicationFilterChain.internalDoFilter(ApplicationFilterChain.java:193)
	at org.apache.catalina.core.ApplicationFilterChain.doFilter(ApplicationFilterChain.java:166)
	at org.springframework.web.filter.HttpPutFormContentFilter.doFilterInternal(HttpPutFormContentFilter.java:109)
	at org.springframework.web.filter.OncePerRequestFilter.doFilter(OncePerRequestFilter.java:107)
	at org.apache.catalina.core.ApplicationFilterChain.internalDoFilter(ApplicationFilterChain.java:193)
	at org.apache.catalina.core.ApplicationFilterChain.doFilter(ApplicationFilterChain.java:166)
	at org.springframework.web.filter.HiddenHttpMethodFilter.doFilterInternal(HiddenHttpMethodFilter.java:93)
	at org.springframework.web.filter.OncePerRequestFilter.doFilter(OncePerRequestFilter.java:107)
	at org.apache.catalina.core.ApplicationFilterChain.internalDoFilter(ApplicationFilterChain.java:193)
	at org.apache.catalina.core.ApplicationFilterChain.doFilter(ApplicationFilterChain.java:166)
	at org.springframework.web.filter.CharacterEncodingFilter.doFilterInternal(CharacterEncodingFilter.java:200)
	at org.springframework.web.filter.OncePerRequestFilter.doFilter(OncePerRequestFilter.java:107)
	at org.apache.catalina.core.ApplicationFilterChain.internalDoFilter(ApplicationFilterChain.java:193)
	at org.apache.catalina.core.ApplicationFilterChain.doFilter(ApplicationFilterChain.java:166)
	at org.apache.catalina.core.StandardWrapperValve.invoke(StandardWrapperValve.java:198)
	at org.apache.catalina.core.StandardContextValve.invoke(StandardContextValve.java:96)
	at org.apache.catalina.authenticator.AuthenticatorBase.invoke(AuthenticatorBase.java:496)
	at org.apache.catalina.core.StandardHostValve.invoke(StandardHostValve.java:140)
	at org.apache.catalina.valves.ErrorReportValve.invoke(ErrorReportValve.java:81)
	at org.apache.catalina.core.StandardEngineValve.invoke(StandardEngineValve.java:87)
	at org.apache.catalina.connector.CoyoteAdapter.service(CoyoteAdapter.java:342)
	at org.apache.coyote.http11.Http11Processor.service(Http11Processor.java:803)
	at org.apache.coyote.AbstractProcessorLight.process(AbstractProcessorLight.java:66)
	at org.apache.coyote.AbstractProtocol$ConnectionHandler.process(AbstractProtocol.java:790)
	at org.apache.tomcat.util.net.NioEndpoint$SocketProcessor.doRun(NioEndpoint.java:1468)
	at org.apache.tomcat.util.net.SocketProcessorBase.run(SocketProcessorBase.java:49)
	at java.util.concurrent.ThreadPoolExecutor.runWorker(ThreadPoolExecutor.java:1142)
	at java.util.concurrent.ThreadPoolExecutor$Worker.run(ThreadPoolExecutor.java:617)
	at org.apache.tomcat.util.threads.TaskThread$WrappingRunnable.run(TaskThread.java:61)
	at java.lang.Thread.run(Thread.java:745)
Caused by: com.netflix.client.ClientException: Load balancer does not have available server for client: feign-client-demo
	at com.netflix.loadbalancer.LoadBalancerContext.getServerFromLoadBalancer(LoadBalancerContext.java:483)
	at com.netflix.loadbalancer.reactive.LoadBalancerCommand$1.call(LoadBalancerCommand.java:184)
	at com.netflix.loadbalancer.reactive.LoadBalancerCommand$1.call(LoadBalancerCommand.java:180)
	at rx.Observable.unsafeSubscribe(Observable.java:10327)
	at rx.internal.operators.OnSubscribeConcatMap.call(OnSubscribeConcatMap.java:94)
	at rx.internal.operators.OnSubscribeConcatMap.call(OnSubscribeConcatMap.java:42)
	at rx.Observable.unsafeSubscribe(Observable.java:10327)
	at rx.internal.operators.OperatorRetryWithPredicate$SourceSubscriber$1.call(OperatorRetryWithPredicate.java:127)
	at rx.internal.schedulers.TrampolineScheduler$InnerCurrentThreadScheduler.enqueue(TrampolineScheduler.java:73)
	at rx.internal.schedulers.TrampolineScheduler$InnerCurrentThreadScheduler.schedule(TrampolineScheduler.java:52)
	at rx.internal.operators.OperatorRetryWithPredicate$SourceSubscriber.onNext(OperatorRetryWithPredicate.java:79)
	at rx.internal.operators.OperatorRetryWithPredicate$SourceSubscriber.onNext(OperatorRetryWithPredicate.java:45)
	at rx.internal.util.ScalarSynchronousObservable$WeakSingleProducer.request(ScalarSynchronousObservable.java:276)
	at rx.Subscriber.setProducer(Subscriber.java:209)
	at rx.internal.util.ScalarSynchronousObservable$JustOnSubscribe.call(ScalarSynchronousObservable.java:138)
	at rx.internal.util.ScalarSynchronousObservable$JustOnSubscribe.call(ScalarSynchronousObservable.java:129)
	at rx.internal.operators.OnSubscribeLift.call(OnSubscribeLift.java:48)
	at rx.internal.operators.OnSubscribeLift.call(OnSubscribeLift.java:30)
	at rx.internal.operators.OnSubscribeLift.call(OnSubscribeLift.java:48)
	at rx.internal.operators.OnSubscribeLift.call(OnSubscribeLift.java:30)
	at rx.internal.operators.OnSubscribeLift.call(OnSubscribeLift.java:48)
	at rx.internal.operators.OnSubscribeLift.call(OnSubscribeLift.java:30)
	at rx.Observable.subscribe(Observable.java:10423)
	at rx.Observable.subscribe(Observable.java:10390)
	at rx.observables.BlockingObservable.blockForSingle(BlockingObservable.java:443)
	at rx.observables.BlockingObservable.single(BlockingObservable.java:340)
	at com.netflix.client.AbstractLoadBalancerAwareClient.executeWithLoadBalancer(AbstractLoadBalancerAwareClient.java:112)
	at org.springframework.cloud.netflix.zuul.filters.route.support.AbstractRibbonCommand.run(AbstractRibbonCommand.java:186)
	at org.springframework.cloud.netflix.zuul.filters.route.support.AbstractRibbonCommand.run(AbstractRibbonCommand.java:51)
	at com.netflix.hystrix.HystrixCommand$2.call(HystrixCommand.java:302)
	at com.netflix.hystrix.HystrixCommand$2.call(HystrixCommand.java:298)
	at rx.internal.operators.OnSubscribeDefer.call(OnSubscribeDefer.java:46)
	at rx.internal.operators.OnSubscribeDefer.call(OnSubscribeDefer.java:35)
	at rx.internal.operators.OnSubscribeLift.call(OnSubscribeLift.java:48)
	at rx.internal.operators.OnSubscribeLift.call(OnSubscribeLift.java:30)
	at rx.internal.operators.OnSubscribeLift.call(OnSubscribeLift.java:48)
	at rx.internal.operators.OnSubscribeLift.call(OnSubscribeLift.java:30)
	at rx.internal.operators.OnSubscribeLift.call(OnSubscribeLift.java:48)
	at rx.internal.operators.OnSubscribeLift.call(OnSubscribeLift.java:30)
	at rx.Observable.unsafeSubscribe(Observable.java:10327)
	at rx.internal.operators.OnSubscribeDefer.call(OnSubscribeDefer.java:51)
	at rx.internal.operators.OnSubscribeDefer.call(OnSubscribeDefer.java:35)
	at rx.internal.operators.OnSubscribeLift.call(OnSubscribeLift.java:48)
	at rx.internal.operators.OnSubscribeLift.call(OnSubscribeLift.java:30)
	at rx.Observable.unsafeSubscribe(Observable.java:10327)
	at rx.internal.operators.OnSubscribeDoOnEach.call(OnSubscribeDoOnEach.java:41)
	at rx.internal.operators.OnSubscribeDoOnEach.call(OnSubscribeDoOnEach.java:30)
	at rx.Observable.unsafeSubscribe(Observable.java:10327)
	at rx.internal.operators.OnSubscribeDoOnEach.call(OnSubscribeDoOnEach.java:41)
	at rx.internal.operators.OnSubscribeDoOnEach.call(OnSubscribeDoOnEach.java:30)
	at rx.internal.operators.OnSubscribeLift.call(OnSubscribeLift.java:48)
	at rx.internal.operators.OnSubscribeLift.call(OnSubscribeLift.java:30)
	at rx.Observable.unsafeSubscribe(Observable.java:10327)
	at rx.internal.operators.OnSubscribeDoOnEach.call(OnSubscribeDoOnEach.java:41)
	at rx.internal.operators.OnSubscribeDoOnEach.call(OnSubscribeDoOnEach.java:30)
	at rx.Observable.unsafeSubscribe(Observable.java:10327)
	at rx.internal.operators.OnSubscribeDoOnEach.call(OnSubscribeDoOnEach.java:41)
	at rx.internal.operators.OnSubscribeDoOnEach.call(OnSubscribeDoOnEach.java:30)
	at rx.Observable.unsafeSubscribe(Observable.java:10327)
	at rx.internal.operators.OnSubscribeDoOnEach.call(OnSubscribeDoOnEach.java:41)
	at rx.internal.operators.OnSubscribeDoOnEach.call(OnSubscribeDoOnEach.java:30)
	at rx.internal.operators.OnSubscribeLift.call(OnSubscribeLift.java:48)
	at rx.internal.operators.OnSubscribeLift.call(OnSubscribeLift.java:30)
	at rx.Observable.unsafeSubscribe(Observable.java:10327)
	at rx.internal.operators.OnSubscribeDefer.call(OnSubscribeDefer.java:51)
	at rx.internal.operators.OnSubscribeDefer.call(OnSubscribeDefer.java:35)
	at rx.Observable.unsafeSubscribe(Observable.java:10327)
	at rx.internal.operators.OnSubscribeMap.call(OnSubscribeMap.java:48)
	at rx.internal.operators.OnSubscribeMap.call(OnSubscribeMap.java:33)
	at rx.Observable.unsafeSubscribe(Observable.java:10327)
	at rx.internal.operators.OnSubscribeDoOnEach.call(OnSubscribeDoOnEach.java:41)
	at rx.internal.operators.OnSubscribeDoOnEach.call(OnSubscribeDoOnEach.java:30)
	at rx.internal.operators.OnSubscribeLift.call(OnSubscribeLift.java:48)
	at rx.internal.operators.OnSubscribeLift.call(OnSubscribeLift.java:30)
	at rx.Observable.unsafeSubscribe(Observable.java:10327)
	at rx.internal.operators.OnSubscribeDoOnEach.call(OnSubscribeDoOnEach.java:41)
	at rx.internal.operators.OnSubscribeDoOnEach.call(OnSubscribeDoOnEach.java:30)
	at rx.Observable.unsafeSubscribe(Observable.java:10327)
	at rx.internal.operators.OnSubscribeDefer.call(OnSubscribeDefer.java:51)
	at rx.internal.operators.OnSubscribeDefer.call(OnSubscribeDefer.java:35)
	at rx.internal.operators.OnSubscribeLift.call(OnSubscribeLift.java:48)
	at rx.internal.operators.OnSubscribeLift.call(OnSubscribeLift.java:30)
	at rx.Observable.subscribe(Observable.java:10423)
	at rx.Observable.subscribe(Observable.java:10390)
	at rx.internal.operators.BlockingOperatorToFuture.toFuture(BlockingOperatorToFuture.java:51)
	at rx.observables.BlockingObservable.toFuture(BlockingObservable.java:410)
	at com.netflix.hystrix.HystrixCommand.queue(HystrixCommand.java:378)
	at com.netflix.hystrix.HystrixCommand.execute(HystrixCommand.java:344)
	at org.springframework.cloud.netflix.zuul.filters.route.RibbonRoutingFilter.forward(RibbonRoutingFilter.java:159)
	... 65 common frames omitted
16:40:28.177 [DiscoveryClient-CacheRefreshExecutor-0] INFO  c.netflix.discovery.DiscoveryClient - (DiscoveryClient.java:95816:40:28.177 [DiscoveryClient-CacheRefreshExecutor-0] INFO  c.netflix.discovery.DiscoveryClient - (DiscoveryClient.java:95916:40:28.177 [DiscoveryClient-CacheRefreshExecutor-0] INFO  c.netflix.discovery.DiscoveryClient - (DiscoveryClient.java:96016:40:28.177 [DiscoveryClient-CacheRefreshExecutor-0] INFO  c.netflix.discovery.DiscoveryClient - (DiscoveryClient.java:96116:40:28.177 [DiscoveryClient-CacheRefreshExecutor-0] INFO  c.netflix.discovery.DiscoveryClient - (DiscoveryClient.java:96216:40:28.177 [DiscoveryClient-CacheRefreshExecutor-0] INFO  c.netflix.discovery.DiscoveryClient - (DiscoveryClient.java:96416:40:28.177 [DiscoveryClient-CacheRefreshExecutor-0] INFO  c.netflix.discovery.DiscoveryClient - (DiscoveryClient.java:104716:40:28.221 [DiscoveryClient-CacheRefreshExecutor-0] INFO  c.netflix.discovery.DiscoveryClient - (DiscoveryClient.java:105616:40:33.855 [http-nio-8769-exec-4] INFO  o.s.c.n.zuul.web.ZuulHandlerMapping - (AbstractUrlHandlerMapping.java:37316:40:33.856 [http-nio-8769-exec-4] INFO  o.s.c.n.zuul.web.ZuulHandlerMapping - (AbstractUrlHandlerMapping.java:37316:40:33.856 [http-nio-8769-exec-4] INFO  o.s.c.n.zuul.web.ZuulHandlerMapping - (AbstractUrlHandlerMapping.java:37316:40:33.856 [http-nio-8769-exec-4] INFO  o.s.c.n.zuul.web.ZuulHandlerMapping - (AbstractUrlHandlerMapping.java:37316:40:33.857 [http-nio-8769-exec-4] INFO  com.xgn.fzc.zuul.XgnZuulFilter - (XgnZuulFilter.java:4916:40:33.860 [http-nio-8769-exec-4] WARN  o.s.c.n.z.f.post.SendErrorFilter - (SendErrorFilter.java:78com.netflix.zuul.exception.ZuulException: Forwarding error
	at org.springframework.cloud.netflix.zuul.filters.route.RibbonRoutingFilter.handleException(RibbonRoutingFilter.java:189)
	at org.springframework.cloud.netflix.zuul.filters.route.RibbonRoutingFilter.forward(RibbonRoutingFilter.java:164)
	at org.springframework.cloud.netflix.zuul.filters.route.RibbonRoutingFilter.run(RibbonRoutingFilter.java:112)
	at com.netflix.zuul.ZuulFilter.runFilter(ZuulFilter.java:117)
	at com.netflix.zuul.FilterProcessor.processZuulFilter(FilterProcessor.java:193)
	at com.netflix.zuul.FilterProcessor.runFilters(FilterProcessor.java:157)
	at com.netflix.zuul.FilterProcessor.route(FilterProcessor.java:118)
	at com.netflix.zuul.ZuulRunner.route(ZuulRunner.java:96)
	at com.netflix.zuul.http.ZuulServlet.route(ZuulServlet.java:116)
	at com.netflix.zuul.http.ZuulServlet.service(ZuulServlet.java:81)
	at org.springframework.web.servlet.mvc.ServletWrappingController.handleRequestInternal(ServletWrappingController.java:165)
	at org.springframework.cloud.netflix.zuul.web.ZuulController.handleRequest(ZuulController.java:44)
	at org.springframework.web.servlet.mvc.SimpleControllerHandlerAdapter.handle(SimpleControllerHandlerAdapter.java:52)
	at org.springframework.web.servlet.DispatcherServlet.doDispatch(DispatcherServlet.java:991)
	at org.springframework.web.servlet.DispatcherServlet.doService(DispatcherServlet.java:925)
	at org.springframework.web.servlet.FrameworkServlet.processRequest(FrameworkServlet.java:974)
	at org.springframework.web.servlet.FrameworkServlet.doGet(FrameworkServlet.java:866)
	at javax.servlet.http.HttpServlet.service(HttpServlet.java:635)
	at org.springframework.web.servlet.FrameworkServlet.service(FrameworkServlet.java:851)
	at javax.servlet.http.HttpServlet.service(HttpServlet.java:742)
	at org.apache.catalina.core.ApplicationFilterChain.internalDoFilter(ApplicationFilterChain.java:231)
	at org.apache.catalina.core.ApplicationFilterChain.doFilter(ApplicationFilterChain.java:166)
	at org.apache.tomcat.websocket.server.WsFilter.doFilter(WsFilter.java:52)
	at org.apache.catalina.core.ApplicationFilterChain.internalDoFilter(ApplicationFilterChain.java:193)
	at org.apache.catalina.core.ApplicationFilterChain.doFilter(ApplicationFilterChain.java:166)
	at org.springframework.boot.actuate.metrics.web.servlet.WebMvcMetricsFilter.filterAndRecordMetrics(WebMvcMetricsFilter.java:158)
	at org.springframework.boot.actuate.metrics.web.servlet.WebMvcMetricsFilter.filterAndRecordMetrics(WebMvcMetricsFilter.java:126)
	at org.springframework.boot.actuate.metrics.web.servlet.WebMvcMetricsFilter.doFilterInternal(WebMvcMetricsFilter.java:111)
	at org.springframework.web.filter.OncePerRequestFilter.doFilter(OncePerRequestFilter.java:107)
	at org.apache.catalina.core.ApplicationFilterChain.internalDoFilter(ApplicationFilterChain.java:193)
	at org.apache.catalina.core.ApplicationFilterChain.doFilter(ApplicationFilterChain.java:166)
	at org.springframework.boot.actuate.web.trace.servlet.HttpTraceFilter.doFilterInternal(HttpTraceFilter.java:90)
	at org.springframework.web.filter.OncePerRequestFilter.doFilter(OncePerRequestFilter.java:107)
	at org.apache.catalina.core.ApplicationFilterChain.internalDoFilter(ApplicationFilterChain.java:193)
	at org.apache.catalina.core.ApplicationFilterChain.doFilter(ApplicationFilterChain.java:166)
	at org.springframework.web.filter.RequestContextFilter.doFilterInternal(RequestContextFilter.java:99)
	at org.springframework.web.filter.OncePerRequestFilter.doFilter(OncePerRequestFilter.java:107)
	at org.apache.catalina.core.ApplicationFilterChain.internalDoFilter(ApplicationFilterChain.java:193)
	at org.apache.catalina.core.ApplicationFilterChain.doFilter(ApplicationFilterChain.java:166)
	at org.springframework.web.filter.HttpPutFormContentFilter.doFilterInternal(HttpPutFormContentFilter.java:109)
	at org.springframework.web.filter.OncePerRequestFilter.doFilter(OncePerRequestFilter.java:107)
	at org.apache.catalina.core.ApplicationFilterChain.internalDoFilter(ApplicationFilterChain.java:193)
	at org.apache.catalina.core.ApplicationFilterChain.doFilter(ApplicationFilterChain.java:166)
	at org.springframework.web.filter.HiddenHttpMethodFilter.doFilterInternal(HiddenHttpMethodFilter.java:93)
	at org.springframework.web.filter.OncePerRequestFilter.doFilter(OncePerRequestFilter.java:107)
	at org.apache.catalina.core.ApplicationFilterChain.internalDoFilter(ApplicationFilterChain.java:193)
	at org.apache.catalina.core.ApplicationFilterChain.doFilter(ApplicationFilterChain.java:166)
	at org.springframework.web.filter.CharacterEncodingFilter.doFilterInternal(CharacterEncodingFilter.java:200)
	at org.springframework.web.filter.OncePerRequestFilter.doFilter(OncePerRequestFilter.java:107)
	at org.apache.catalina.core.ApplicationFilterChain.internalDoFilter(ApplicationFilterChain.java:193)
	at org.apache.catalina.core.ApplicationFilterChain.doFilter(ApplicationFilterChain.java:166)
	at org.apache.catalina.core.StandardWrapperValve.invoke(StandardWrapperValve.java:198)
	at org.apache.catalina.core.StandardContextValve.invoke(StandardContextValve.java:96)
	at org.apache.catalina.authenticator.AuthenticatorBase.invoke(AuthenticatorBase.java:496)
	at org.apache.catalina.core.StandardHostValve.invoke(StandardHostValve.java:140)
	at org.apache.catalina.valves.ErrorReportValve.invoke(ErrorReportValve.java:81)
	at org.apache.catalina.core.StandardEngineValve.invoke(StandardEngineValve.java:87)
	at org.apache.catalina.connector.CoyoteAdapter.service(CoyoteAdapter.java:342)
	at org.apache.coyote.http11.Http11Processor.service(Http11Processor.java:803)
	at org.apache.coyote.AbstractProcessorLight.process(AbstractProcessorLight.java:66)
	at org.apache.coyote.AbstractProtocol$ConnectionHandler.process(AbstractProtocol.java:790)
	at org.apache.tomcat.util.net.NioEndpoint$SocketProcessor.doRun(NioEndpoint.java:1468)
	at org.apache.tomcat.util.net.SocketProcessorBase.run(SocketProcessorBase.java:49)
	at java.util.concurrent.ThreadPoolExecutor.runWorker(ThreadPoolExecutor.java:1142)
	at java.util.concurrent.ThreadPoolExecutor$Worker.run(ThreadPoolExecutor.java:617)
	at org.apache.tomcat.util.threads.TaskThread$WrappingRunnable.run(TaskThread.java:61)
	at java.lang.Thread.run(Thread.java:745)
Caused by: com.netflix.client.ClientException: Load balancer does not have available server for client: feign-client-demo
	at com.netflix.loadbalancer.LoadBalancerContext.getServerFromLoadBalancer(LoadBalancerContext.java:483)
	at com.netflix.loadbalancer.reactive.LoadBalancerCommand$1.call(LoadBalancerCommand.java:184)
	at com.netflix.loadbalancer.reactive.LoadBalancerCommand$1.call(LoadBalancerCommand.java:180)
	at rx.Observable.unsafeSubscribe(Observable.java:10327)
	at rx.internal.operators.OnSubscribeConcatMap.call(OnSubscribeConcatMap.java:94)
	at rx.internal.operators.OnSubscribeConcatMap.call(OnSubscribeConcatMap.java:42)
	at rx.Observable.unsafeSubscribe(Observable.java:10327)
	at rx.internal.operators.OperatorRetryWithPredicate$SourceSubscriber$1.call(OperatorRetryWithPredicate.java:127)
	at rx.internal.schedulers.TrampolineScheduler$InnerCurrentThreadScheduler.enqueue(TrampolineScheduler.java:73)
	at rx.internal.schedulers.TrampolineScheduler$InnerCurrentThreadScheduler.schedule(TrampolineScheduler.java:52)
	at rx.internal.operators.OperatorRetryWithPredicate$SourceSubscriber.onNext(OperatorRetryWithPredicate.java:79)
	at rx.internal.operators.OperatorRetryWithPredicate$SourceSubscriber.onNext(OperatorRetryWithPredicate.java:45)
	at rx.internal.util.ScalarSynchronousObservable$WeakSingleProducer.request(ScalarSynchronousObservable.java:276)
	at rx.Subscriber.setProducer(Subscriber.java:209)
	at rx.internal.util.ScalarSynchronousObservable$JustOnSubscribe.call(ScalarSynchronousObservable.java:138)
	at rx.internal.util.ScalarSynchronousObservable$JustOnSubscribe.call(ScalarSynchronousObservable.java:129)
	at rx.internal.operators.OnSubscribeLift.call(OnSubscribeLift.java:48)
	at rx.internal.operators.OnSubscribeLift.call(OnSubscribeLift.java:30)
	at rx.internal.operators.OnSubscribeLift.call(OnSubscribeLift.java:48)
	at rx.internal.operators.OnSubscribeLift.call(OnSubscribeLift.java:30)
	at rx.internal.operators.OnSubscribeLift.call(OnSubscribeLift.java:48)
	at rx.internal.operators.OnSubscribeLift.call(OnSubscribeLift.java:30)
	at rx.Observable.subscribe(Observable.java:10423)
	at rx.Observable.subscribe(Observable.java:10390)
	at rx.observables.BlockingObservable.blockForSingle(BlockingObservable.java:443)
	at rx.observables.BlockingObservable.single(BlockingObservable.java:340)
	at com.netflix.client.AbstractLoadBalancerAwareClient.executeWithLoadBalancer(AbstractLoadBalancerAwareClient.java:112)
	at org.springframework.cloud.netflix.zuul.filters.route.support.AbstractRibbonCommand.run(AbstractRibbonCommand.java:186)
	at org.springframework.cloud.netflix.zuul.filters.route.support.AbstractRibbonCommand.run(AbstractRibbonCommand.java:51)
	at com.netflix.hystrix.HystrixCommand$2.call(HystrixCommand.java:302)
	at com.netflix.hystrix.HystrixCommand$2.call(HystrixCommand.java:298)
	at rx.internal.operators.OnSubscribeDefer.call(OnSubscribeDefer.java:46)
	at rx.internal.operators.OnSubscribeDefer.call(OnSubscribeDefer.java:35)
	at rx.internal.operators.OnSubscribeLift.call(OnSubscribeLift.java:48)
	at rx.internal.operators.OnSubscribeLift.call(OnSubscribeLift.java:30)
	at rx.internal.operators.OnSubscribeLift.call(OnSubscribeLift.java:48)
	at rx.internal.operators.OnSubscribeLift.call(OnSubscribeLift.java:30)
	at rx.internal.operators.OnSubscribeLift.call(OnSubscribeLift.java:48)
	at rx.internal.operators.OnSubscribeLift.call(OnSubscribeLift.java:30)
	at rx.Observable.unsafeSubscribe(Observable.java:10327)
	at rx.internal.operators.OnSubscribeDefer.call(OnSubscribeDefer.java:51)
	at rx.internal.operators.OnSubscribeDefer.call(OnSubscribeDefer.java:35)
	at rx.internal.operators.OnSubscribeLift.call(OnSubscribeLift.java:48)
	at rx.internal.operators.OnSubscribeLift.call(OnSubscribeLift.java:30)
	at rx.Observable.unsafeSubscribe(Observable.java:10327)
	at rx.internal.operators.OnSubscribeDoOnEach.call(OnSubscribeDoOnEach.java:41)
	at rx.internal.operators.OnSubscribeDoOnEach.call(OnSubscribeDoOnEach.java:30)
	at rx.Observable.unsafeSubscribe(Observable.java:10327)
	at rx.internal.operators.OnSubscribeDoOnEach.call(OnSubscribeDoOnEach.java:41)
	at rx.internal.operators.OnSubscribeDoOnEach.call(OnSubscribeDoOnEach.java:30)
	at rx.internal.operators.OnSubscribeLift.call(OnSubscribeLift.java:48)
	at rx.internal.operators.OnSubscribeLift.call(OnSubscribeLift.java:30)
	at rx.Observable.unsafeSubscribe(Observable.java:10327)
	at rx.internal.operators.OnSubscribeDoOnEach.call(OnSubscribeDoOnEach.java:41)
	at rx.internal.operators.OnSubscribeDoOnEach.call(OnSubscribeDoOnEach.java:30)
	at rx.Observable.unsafeSubscribe(Observable.java:10327)
	at rx.internal.operators.OnSubscribeDoOnEach.call(OnSubscribeDoOnEach.java:41)
	at rx.internal.operators.OnSubscribeDoOnEach.call(OnSubscribeDoOnEach.java:30)
	at rx.Observable.unsafeSubscribe(Observable.java:10327)
	at rx.internal.operators.OnSubscribeDoOnEach.call(OnSubscribeDoOnEach.java:41)
	at rx.internal.operators.OnSubscribeDoOnEach.call(OnSubscribeDoOnEach.java:30)
	at rx.internal.operators.OnSubscribeLift.call(OnSubscribeLift.java:48)
	at rx.internal.operators.OnSubscribeLift.call(OnSubscribeLift.java:30)
	at rx.Observable.unsafeSubscribe(Observable.java:10327)
	at rx.internal.operators.OnSubscribeDefer.call(OnSubscribeDefer.java:51)
	at rx.internal.operators.OnSubscribeDefer.call(OnSubscribeDefer.java:35)
	at rx.Observable.unsafeSubscribe(Observable.java:10327)
	at rx.internal.operators.OnSubscribeMap.call(OnSubscribeMap.java:48)
	at rx.internal.operators.OnSubscribeMap.call(OnSubscribeMap.java:33)
	at rx.Observable.unsafeSubscribe(Observable.java:10327)
	at rx.internal.operators.OnSubscribeDoOnEach.call(OnSubscribeDoOnEach.java:41)
	at rx.internal.operators.OnSubscribeDoOnEach.call(OnSubscribeDoOnEach.java:30)
	at rx.internal.operators.OnSubscribeLift.call(OnSubscribeLift.java:48)
	at rx.internal.operators.OnSubscribeLift.call(OnSubscribeLift.java:30)
	at rx.Observable.unsafeSubscribe(Observable.java:10327)
	at rx.internal.operators.OnSubscribeDoOnEach.call(OnSubscribeDoOnEach.java:41)
	at rx.internal.operators.OnSubscribeDoOnEach.call(OnSubscribeDoOnEach.java:30)
	at rx.Observable.unsafeSubscribe(Observable.java:10327)
	at rx.internal.operators.OnSubscribeDefer.call(OnSubscribeDefer.java:51)
	at rx.internal.operators.OnSubscribeDefer.call(OnSubscribeDefer.java:35)
	at rx.internal.operators.OnSubscribeLift.call(OnSubscribeLift.java:48)
	at rx.internal.operators.OnSubscribeLift.call(OnSubscribeLift.java:30)
	at rx.Observable.subscribe(Observable.java:10423)
	at rx.Observable.subscribe(Observable.java:10390)
	at rx.internal.operators.BlockingOperatorToFuture.toFuture(BlockingOperatorToFuture.java:51)
	at rx.observables.BlockingObservable.toFuture(BlockingObservable.java:410)
	at com.netflix.hystrix.HystrixCommand.queue(HystrixCommand.java:378)
	at com.netflix.hystrix.HystrixCommand.execute(HystrixCommand.java:344)
	at org.springframework.cloud.netflix.zuul.filters.route.RibbonRoutingFilter.forward(RibbonRoutingFilter.java:159)
	... 65 common frames omitted
16:40:37.335 [PollingServerListUpdater-0] INFO  c.n.config.ChainedDynamicProperty - (ChainedDynamicProperty.java:11516:40:48.451 [main] INFO  o.s.c.a.AnnotationConfigApplicationContext - (AbstractApplicationContext.java:59016:40:48.607 [main] INFO  o.s.b.f.a.AutowiredAnnotationBeanPostProcessor - (AutowiredAnnotationBeanPostProcessor.java:15416:40:48.632 [main] INFO  o.s.c.s.PostProcessorRegistrationDelegate$BeanPostProcessorChecker - (PostProcessorRegistrationDelegate.java:32816:40:50.053 [main] INFO  com.xgn.fzc.zuul.ZuulApplication - (SpringApplication.java:66316:40:50.064 [main] INFO  o.s.b.w.s.c.AnnotationConfigServletWebServerApplicationContext - (AbstractApplicationContext.java:59016:40:50.599 [main] INFO  o.s.b.f.s.DefaultListableBeanFactory - (DefaultListableBeanFactory.java:82416:40:50.605 [main] INFO  o.s.b.f.s.DefaultListableBeanFactory - (DefaultListableBeanFactory.java:82416:40:50.789 [main] INFO  o.s.c.context.scope.GenericScope - (GenericScope.java:29416:40:50.804 [main] INFO  o.s.b.f.a.AutowiredAnnotationBeanPostProcessor - (AutowiredAnnotationBeanPostProcessor.java:15416:40:50.968 [main] INFO  o.s.c.s.PostProcessorRegistrationDelegate$BeanPostProcessorChecker - (PostProcessorRegistrationDelegate.java:32816:40:51.211 [main] INFO  o.s.b.w.e.tomcat.TomcatWebServer - (TomcatWebServer.java:9116:40:51.222 [main] INFO  o.a.coyote.http11.Http11NioProtocol - (DirectJDKLog.java:18016:40:51.240 [main] INFO  o.a.catalina.core.StandardService - (DirectJDKLog.java:18016:40:51.241 [main] INFO  o.a.catalina.core.StandardEngine - (DirectJDKLog.java:18016:40:51.245 [localhost-startStop-1] INFO  o.a.c.core.AprLifecycleListener - (DirectJDKLog.java:18016:40:51.429 [localhost-startStop-1] INFO  o.a.c.c.C.[Tomcat].[localhost].[/] - (DirectJDKLog.java:18016:40:51.430 [localhost-startStop-1] INFO  o.s.web.context.ContextLoader - (ServletWebServerApplicationContext.java:28516:40:51.745 [localhost-startStop-1] WARN  c.n.c.s.URLConfigurationSource - (URLConfigurationSource.java:12116:40:51.746 [localhost-startStop-1] INFO  c.n.c.s.URLConfigurationSource - (URLConfigurationSource.java:12216:40:51.754 [localhost-startStop-1] INFO  c.n.config.DynamicPropertyFactory - (DynamicPropertyFactory.java:28116:40:53.175 [localhost-startStop-1] INFO  o.s.cloud.commons.util.InetUtils - (InetUtils.java:17016:40:54.517 [localhost-startStop-1] INFO  o.s.cloud.commons.util.InetUtils - (InetUtils.java:17016:40:55.118 [localhost-startStop-1] INFO  o.s.b.w.s.ServletRegistrationBean - (ServletRegistrationBean.java:18616:40:55.120 [localhost-startStop-1] INFO  o.s.b.w.s.ServletRegistrationBean - (ServletRegistrationBean.java:18616:40:55.123 [localhost-startStop-1] INFO  o.s.b.w.s.FilterRegistrationBean - (AbstractFilterRegistrationBean.java:24516:40:55.123 [localhost-startStop-1] INFO  o.s.b.w.s.FilterRegistrationBean - (AbstractFilterRegistrationBean.java:24516:40:55.124 [localhost-startStop-1] INFO  o.s.b.w.s.FilterRegistrationBean - (AbstractFilterRegistrationBean.java:24516:40:55.124 [localhost-startStop-1] INFO  o.s.b.w.s.FilterRegistrationBean - (AbstractFilterRegistrationBean.java:24516:40:55.124 [localhost-startStop-1] INFO  o.s.b.w.s.FilterRegistrationBean - (AbstractFilterRegistrationBean.java:24516:40:55.124 [localhost-startStop-1] INFO  o.s.b.w.s.FilterRegistrationBean - (AbstractFilterRegistrationBean.java:24516:40:55.125 [localhost-startStop-1] INFO  o.s.b.a.e.w.ServletEndpointRegistrar - (ServletEndpointRegistrar.java:6916:40:55.186 [main] WARN  c.n.c.s.URLConfigurationSource - (URLConfigurationSource.java:12116:40:55.186 [main] INFO  c.n.c.s.URLConfigurationSource - (URLConfigurationSource.java:12216:40:55.259 [main] INFO  o.s.w.s.h.SimpleUrlHandlerMapping - (AbstractUrlHandlerMapping.java:37316:40:55.439 [main] INFO  o.s.w.s.m.m.a.RequestMappingHandlerAdapter - (RequestMappingHandlerAdapter.java:57416:40:55.488 [main] INFO  o.s.w.s.m.m.a.RequestMappingHandlerMapping - (AbstractHandlerMethodMapping.java:54716:40:55.489 [main] INFO  o.s.w.s.m.m.a.RequestMappingHandlerMapping - (AbstractHandlerMethodMapping.java:54716:40:55.515 [main] INFO  o.s.w.s.h.SimpleUrlHandlerMapping - (AbstractUrlHandlerMapping.java:37316:40:55.516 [main] INFO  o.s.w.s.h.SimpleUrlHandlerMapping - (AbstractUrlHandlerMapping.java:37316:40:56.267 [main] INFO  o.s.c.n.zuul.ZuulFilterInitializer - (ZuulFilterInitializer.java:6516:40:56.283 [main] WARN  o.s.c.s.e.EurekaStarterDeprecationWarningAutoConfiguration - (EurekaStarterDeprecationWarningAutoConfiguration.java:1916:40:56.293 [main] INFO  o.s.b.a.e.web.EndpointLinksResolver - (EndpointLinksResolver.java:5916:40:56.302 [main] INFO  o.s.b.a.e.w.s.WebMvcEndpointHandlerMapping - (AbstractHandlerMethodMapping.java:54716:40:56.303 [main] INFO  o.s.b.a.e.w.s.WebMvcEndpointHandlerMapping - (AbstractHandlerMethodMapping.java:54716:40:56.303 [main] INFO  o.s.b.a.e.w.s.WebMvcEndpointHandlerMapping - (AbstractHandlerMethodMapping.java:54716:40:56.303 [main] INFO  o.s.b.a.e.w.s.WebMvcEndpointHandlerMapping - (AbstractHandlerMethodMapping.java:54716:40:56.304 [main] INFO  o.s.b.a.e.w.s.WebMvcEndpointHandlerMapping - (AbstractHandlerMethodMapping.java:54716:40:56.304 [main] INFO  o.s.b.a.e.w.s.WebMvcEndpointHandlerMapping - (AbstractHandlerMethodMapping.java:54716:40:56.304 [main] INFO  o.s.b.a.e.w.s.WebMvcEndpointHandlerMapping - (AbstractHandlerMethodMapping.java:54716:40:56.304 [main] INFO  o.s.b.a.e.w.s.WebMvcEndpointHandlerMapping - (AbstractHandlerMethodMapping.java:54716:40:56.305 [main] INFO  o.s.b.a.e.w.s.WebMvcEndpointHandlerMapping - (AbstractHandlerMethodMapping.java:54716:40:56.306 [main] INFO  o.s.b.a.e.w.s.WebMvcEndpointHandlerMapping - (AbstractHandlerMethodMapping.java:54716:40:56.306 [main] INFO  o.s.b.a.e.w.s.WebMvcEndpointHandlerMapping - (AbstractHandlerMethodMapping.java:54716:40:56.306 [main] INFO  o.s.b.a.e.w.s.WebMvcEndpointHandlerMapping - (AbstractHandlerMethodMapping.java:54716:40:56.307 [main] INFO  o.s.b.a.e.w.s.WebMvcEndpointHandlerMapping - (AbstractHandlerMethodMapping.java:54716:40:56.307 [main] INFO  o.s.b.a.e.w.s.WebMvcEndpointHandlerMapping - (AbstractHandlerMethodMapping.java:54716:40:56.307 [main] INFO  o.s.b.a.e.w.s.WebMvcEndpointHandlerMapping - (AbstractHandlerMethodMapping.java:54716:40:56.307 [main] INFO  o.s.b.a.e.w.s.WebMvcEndpointHandlerMapping - (AbstractHandlerMethodMapping.java:54716:40:56.308 [main] INFO  o.s.b.a.e.w.s.WebMvcEndpointHandlerMapping - (AbstractHandlerMethodMapping.java:54716:40:56.308 [main] INFO  o.s.b.a.e.w.s.WebMvcEndpointHandlerMapping - (AbstractHandlerMethodMapping.java:54716:40:56.308 [main] INFO  o.s.b.a.e.w.s.WebMvcEndpointHandlerMapping - (AbstractHandlerMethodMapping.java:54716:40:56.308 [main] INFO  o.s.b.a.e.w.s.WebMvcEndpointHandlerMapping - (AbstractHandlerMethodMapping.java:54716:40:56.309 [main] INFO  o.s.b.a.e.w.s.WebMvcEndpointHandlerMapping - (AbstractHandlerMethodMapping.java:54716:40:56.309 [main] INFO  o.s.b.a.e.w.s.WebMvcEndpointHandlerMapping - (AbstractHandlerMethodMapping.java:54716:40:56.310 [main] INFO  o.s.b.a.e.w.s.WebMvcEndpointHandlerMapping - (AbstractHandlerMethodMapping.java:54716:40:56.310 [main] INFO  o.s.b.a.e.w.s.WebMvcEndpointHandlerMapping - (AbstractHandlerMethodMapping.java:54716:40:56.310 [main] INFO  o.s.b.a.e.w.s.WebMvcEndpointHandlerMapping - (AbstractHandlerMethodMapping.java:54716:40:56.310 [main] INFO  o.s.b.a.e.w.s.WebMvcEndpointHandlerMapping - (AbstractHandlerMethodMapping.java:54716:40:56.311 [main] INFO  o.s.b.a.e.w.s.WebMvcEndpointHandlerMapping - (AbstractHandlerMethodMapping.java:54716:40:56.311 [main] INFO  o.s.b.a.e.w.s.WebMvcEndpointHandlerMapping - (AbstractHandlerMethodMapping.java:54716:40:56.311 [main] INFO  o.s.b.a.e.w.s.WebMvcEndpointHandlerMapping - (AbstractHandlerMethodMapping.java:54716:40:56.312 [main] INFO  o.s.b.a.e.w.s.WebMvcEndpointHandlerMapping - (AbstractHandlerMethodMapping.java:54716:40:56.355 [main] INFO  o.s.j.e.a.AnnotationMBeanExporter - (MBeanExporter.java:43316:40:56.363 [main] INFO  o.s.j.e.a.AnnotationMBeanExporter - (MBeanExporter.java:89516:40:56.365 [main] INFO  o.s.j.e.a.AnnotationMBeanExporter - (MBeanExporter.java:89516:40:56.365 [main] INFO  o.s.j.e.a.AnnotationMBeanExporter - (MBeanExporter.java:89516:40:56.368 [main] INFO  o.s.j.e.a.AnnotationMBeanExporter - (MBeanExporter.java:67516:40:56.375 [main] INFO  o.s.j.e.a.AnnotationMBeanExporter - (MBeanExporter.java:67516:40:56.384 [main] INFO  o.s.j.e.a.AnnotationMBeanExporter - (MBeanExporter.java:67516:40:56.392 [main] INFO  o.s.c.s.DefaultLifecycleProcessor - (DefaultLifecycleProcessor.java:35116:40:56.398 [main] INFO  o.s.c.n.eureka.InstanceInfoFactory - (InstanceInfoFactory.java:7116:40:56.428 [main] INFO  c.netflix.discovery.DiscoveryClient - (DiscoveryClient.java:34916:40:56.473 [main] INFO  c.n.d.p.DiscoveryJerseyProvider - (DiscoveryJerseyProvider.java:7016:40:56.473 [main] INFO  c.n.d.p.DiscoveryJerseyProvider - (DiscoveryJerseyProvider.java:7116:40:56.589 [main] INFO  c.n.d.p.DiscoveryJerseyProvider - (DiscoveryJerseyProvider.java:8016:40:56.589 [main] INFO  c.n.d.p.DiscoveryJerseyProvider - (DiscoveryJerseyProvider.java:8116:40:56.718 [main] INFO  c.n.d.s.r.aws.ConfigClusterResolver - (ConfigClusterResolver.java:4316:40:56.893 [main] INFO  c.netflix.discovery.DiscoveryClient - (DiscoveryClient.java:95816:40:56.893 [main] INFO  c.netflix.discovery.DiscoveryClient - (DiscoveryClient.java:95916:40:56.893 [main] INFO  c.netflix.discovery.DiscoveryClient - (DiscoveryClient.java:96016:40:56.893 [main] INFO  c.netflix.discovery.DiscoveryClient - (DiscoveryClient.java:96116:40:56.893 [main] INFO  c.netflix.discovery.DiscoveryClient - (DiscoveryClient.java:96216:40:56.893 [main] INFO  c.netflix.discovery.DiscoveryClient - (DiscoveryClient.java:96416:40:56.893 [main] INFO  c.netflix.discovery.DiscoveryClient - (DiscoveryClient.java:104716:40:57.017 [main] INFO  c.netflix.discovery.DiscoveryClient - (DiscoveryClient.java:105616:40:57.019 [main] INFO  c.netflix.discovery.DiscoveryClient - (DiscoveryClient.java:126416:40:57.022 [main] INFO  c.n.d.InstanceInfoReplicator - (InstanceInfoReplicator.java:6016:40:57.026 [main] INFO  c.netflix.discovery.DiscoveryClient - (DiscoveryClient.java:44916:40:57.030 [main] INFO  o.s.c.n.e.s.EurekaServiceRegistry - (EurekaServiceRegistry.java:4216:40:57.030 [main] INFO  c.netflix.discovery.DiscoveryClient - (DiscoveryClient.java:129916:40:57.032 [DiscoveryClient-InstanceInfoReplicator-0] INFO  c.netflix.discovery.DiscoveryClient - (DiscoveryClient.java:82616:40:57.047 [main] INFO  o.a.coyote.http11.Http11NioProtocol - (DirectJDKLog.java:18016:40:57.057 [main] INFO  o.a.tomcat.util.net.NioSelectorPool - (DirectJDKLog.java:18016:40:57.059 [DiscoveryClient-InstanceInfoReplicator-0] INFO  c.netflix.discovery.DiscoveryClient - (DiscoveryClient.java:83516:40:57.072 [main] INFO  o.s.b.w.e.tomcat.TomcatWebServer - (TomcatWebServer.java:20616:40:57.073 [main] INFO  o.s.c.n.e.s.EurekaAutoServiceRegistration - (EurekaAutoServiceRegistration.java:12416:40:57.075 [main] INFO  com.xgn.fzc.zuul.ZuulApplication - (StartupInfoLogger.java:5916:40:58.466 [RMI TCP Connection(4)-127.0.0.1] INFO  o.a.c.c.C.[Tomcat].[localhost].[/] - (DirectJDKLog.java:18016:40:58.466 [RMI TCP Connection(4)-127.0.0.1] INFO  o.s.web.servlet.DispatcherServlet - (FrameworkServlet.java:49416:40:58.480 [RMI TCP Connection(4)-127.0.0.1] INFO  o.s.web.servlet.DispatcherServlet - (FrameworkServlet.java:50916:41:11.546 [http-nio-8769-exec-1] INFO  o.s.c.n.zuul.web.ZuulHandlerMapping - (AbstractUrlHandlerMapping.java:37316:41:11.546 [http-nio-8769-exec-1] INFO  o.s.c.n.zuul.web.ZuulHandlerMapping - (AbstractUrlHandlerMapping.java:37316:41:11.546 [http-nio-8769-exec-1] INFO  o.s.c.n.zuul.web.ZuulHandlerMapping - (AbstractUrlHandlerMapping.java:37316:41:11.546 [http-nio-8769-exec-1] INFO  o.s.c.n.zuul.web.ZuulHandlerMapping - (AbstractUrlHandlerMapping.java:37316:41:11.547 [http-nio-8769-exec-1] INFO  o.s.c.n.zuul.web.ZuulHandlerMapping - (AbstractUrlHandlerMapping.java:37316:41:11.547 [http-nio-8769-exec-1] INFO  o.s.c.n.zuul.web.ZuulHandlerMapping - (AbstractUrlHandlerMapping.java:37316:41:11.558 [http-nio-8769-exec-1] INFO  com.xgn.fzc.zuul.XgnZuulFilter - (XgnZuulFilter.java:4916:41:11.572 [http-nio-8769-exec-1] INFO  o.s.c.a.AnnotationConfigApplicationContext - (AbstractApplicationContext.java:59016:41:11.618 [http-nio-8769-exec-1] INFO  o.s.b.f.a.AutowiredAnnotationBeanPostProcessor - (AutowiredAnnotationBeanPostProcessor.java:15416:41:11.782 [http-nio-8769-exec-1] INFO  c.n.config.ChainedDynamicProperty - (ChainedDynamicProperty.java:11516:41:11.800 [http-nio-8769-exec-1] INFO  c.n.u.c.ShutdownEnabledTimer - (ShutdownEnabledTimer.java:5816:41:11.818 [http-nio-8769-exec-1] INFO  c.n.loadbalancer.BaseLoadBalancer - (BaseLoadBalancer.java:19216:41:11.824 [http-nio-8769-exec-1] INFO  c.n.l.DynamicServerListLoadBalancer - (DynamicServerListLoadBalancer.java:22216:41:11.843 [http-nio-8769-exec-1] INFO  c.n.config.ChainedDynamicProperty - (ChainedDynamicProperty.java:11516:41:11.845 [http-nio-8769-exec-1] INFO  c.n.l.DynamicServerListLoadBalancer - (DynamicServerListLoadBalancer.java:15016:41:12.827 [PollingServerListUpdater-0] INFO  c.n.config.ChainedDynamicProperty - (ChainedDynamicProperty.java:11516:41:13.032 [http-nio-8769-exec-1] WARN  o.s.c.n.z.f.post.SendErrorFilter - (SendErrorFilter.java:78com.netflix.zuul.exception.ZuulException: Forwarding error
	at org.springframework.cloud.netflix.zuul.filters.route.RibbonRoutingFilter.handleException(RibbonRoutingFilter.java:189)
	at org.springframework.cloud.netflix.zuul.filters.route.RibbonRoutingFilter.forward(RibbonRoutingFilter.java:164)
	at org.springframework.cloud.netflix.zuul.filters.route.RibbonRoutingFilter.run(RibbonRoutingFilter.java:112)
	at com.netflix.zuul.ZuulFilter.runFilter(ZuulFilter.java:117)
	at com.netflix.zuul.FilterProcessor.processZuulFilter(FilterProcessor.java:193)
	at com.netflix.zuul.FilterProcessor.runFilters(FilterProcessor.java:157)
	at com.netflix.zuul.FilterProcessor.route(FilterProcessor.java:118)
	at com.netflix.zuul.ZuulRunner.route(ZuulRunner.java:96)
	at com.netflix.zuul.http.ZuulServlet.route(ZuulServlet.java:116)
	at com.netflix.zuul.http.ZuulServlet.service(ZuulServlet.java:81)
	at org.springframework.web.servlet.mvc.ServletWrappingController.handleRequestInternal(ServletWrappingController.java:165)
	at org.springframework.cloud.netflix.zuul.web.ZuulController.handleRequest(ZuulController.java:44)
	at org.springframework.web.servlet.mvc.SimpleControllerHandlerAdapter.handle(SimpleControllerHandlerAdapter.java:52)
	at org.springframework.web.servlet.DispatcherServlet.doDispatch(DispatcherServlet.java:991)
	at org.springframework.web.servlet.DispatcherServlet.doService(DispatcherServlet.java:925)
	at org.springframework.web.servlet.FrameworkServlet.processRequest(FrameworkServlet.java:974)
	at org.springframework.web.servlet.FrameworkServlet.doGet(FrameworkServlet.java:866)
	at javax.servlet.http.HttpServlet.service(HttpServlet.java:635)
	at org.springframework.web.servlet.FrameworkServlet.service(FrameworkServlet.java:851)
	at javax.servlet.http.HttpServlet.service(HttpServlet.java:742)
	at org.apache.catalina.core.ApplicationFilterChain.internalDoFilter(ApplicationFilterChain.java:231)
	at org.apache.catalina.core.ApplicationFilterChain.doFilter(ApplicationFilterChain.java:166)
	at org.apache.tomcat.websocket.server.WsFilter.doFilter(WsFilter.java:52)
	at org.apache.catalina.core.ApplicationFilterChain.internalDoFilter(ApplicationFilterChain.java:193)
	at org.apache.catalina.core.ApplicationFilterChain.doFilter(ApplicationFilterChain.java:166)
	at org.springframework.boot.actuate.metrics.web.servlet.WebMvcMetricsFilter.filterAndRecordMetrics(WebMvcMetricsFilter.java:158)
	at org.springframework.boot.actuate.metrics.web.servlet.WebMvcMetricsFilter.filterAndRecordMetrics(WebMvcMetricsFilter.java:126)
	at org.springframework.boot.actuate.metrics.web.servlet.WebMvcMetricsFilter.doFilterInternal(WebMvcMetricsFilter.java:111)
	at org.springframework.web.filter.OncePerRequestFilter.doFilter(OncePerRequestFilter.java:107)
	at org.apache.catalina.core.ApplicationFilterChain.internalDoFilter(ApplicationFilterChain.java:193)
	at org.apache.catalina.core.ApplicationFilterChain.doFilter(ApplicationFilterChain.java:166)
	at org.springframework.boot.actuate.web.trace.servlet.HttpTraceFilter.doFilterInternal(HttpTraceFilter.java:90)
	at org.springframework.web.filter.OncePerRequestFilter.doFilter(OncePerRequestFilter.java:107)
	at org.apache.catalina.core.ApplicationFilterChain.internalDoFilter(ApplicationFilterChain.java:193)
	at org.apache.catalina.core.ApplicationFilterChain.doFilter(ApplicationFilterChain.java:166)
	at org.springframework.web.filter.RequestContextFilter.doFilterInternal(RequestContextFilter.java:99)
	at org.springframework.web.filter.OncePerRequestFilter.doFilter(OncePerRequestFilter.java:107)
	at org.apache.catalina.core.ApplicationFilterChain.internalDoFilter(ApplicationFilterChain.java:193)
	at org.apache.catalina.core.ApplicationFilterChain.doFilter(ApplicationFilterChain.java:166)
	at org.springframework.web.filter.HttpPutFormContentFilter.doFilterInternal(HttpPutFormContentFilter.java:109)
	at org.springframework.web.filter.OncePerRequestFilter.doFilter(OncePerRequestFilter.java:107)
	at org.apache.catalina.core.ApplicationFilterChain.internalDoFilter(ApplicationFilterChain.java:193)
	at org.apache.catalina.core.ApplicationFilterChain.doFilter(ApplicationFilterChain.java:166)
	at org.springframework.web.filter.HiddenHttpMethodFilter.doFilterInternal(HiddenHttpMethodFilter.java:93)
	at org.springframework.web.filter.OncePerRequestFilter.doFilter(OncePerRequestFilter.java:107)
	at org.apache.catalina.core.ApplicationFilterChain.internalDoFilter(ApplicationFilterChain.java:193)
	at org.apache.catalina.core.ApplicationFilterChain.doFilter(ApplicationFilterChain.java:166)
	at org.springframework.web.filter.CharacterEncodingFilter.doFilterInternal(CharacterEncodingFilter.java:200)
	at org.springframework.web.filter.OncePerRequestFilter.doFilter(OncePerRequestFilter.java:107)
	at org.apache.catalina.core.ApplicationFilterChain.internalDoFilter(ApplicationFilterChain.java:193)
	at org.apache.catalina.core.ApplicationFilterChain.doFilter(ApplicationFilterChain.java:166)
	at org.apache.catalina.core.StandardWrapperValve.invoke(StandardWrapperValve.java:198)
	at org.apache.catalina.core.StandardContextValve.invoke(StandardContextValve.java:96)
	at org.apache.catalina.authenticator.AuthenticatorBase.invoke(AuthenticatorBase.java:496)
	at org.apache.catalina.core.StandardHostValve.invoke(StandardHostValve.java:140)
	at org.apache.catalina.valves.ErrorReportValve.invoke(ErrorReportValve.java:81)
	at org.apache.catalina.core.StandardEngineValve.invoke(StandardEngineValve.java:87)
	at org.apache.catalina.connector.CoyoteAdapter.service(CoyoteAdapter.java:342)
	at org.apache.coyote.http11.Http11Processor.service(Http11Processor.java:803)
	at org.apache.coyote.AbstractProcessorLight.process(AbstractProcessorLight.java:66)
	at org.apache.coyote.AbstractProtocol$ConnectionHandler.process(AbstractProtocol.java:790)
	at org.apache.tomcat.util.net.NioEndpoint$SocketProcessor.doRun(NioEndpoint.java:1468)
	at org.apache.tomcat.util.net.SocketProcessorBase.run(SocketProcessorBase.java:49)
	at java.util.concurrent.ThreadPoolExecutor.runWorker(ThreadPoolExecutor.java:1142)
	at java.util.concurrent.ThreadPoolExecutor$Worker.run(ThreadPoolExecutor.java:617)
	at org.apache.tomcat.util.threads.TaskThread$WrappingRunnable.run(TaskThread.java:61)
	at java.lang.Thread.run(Thread.java:745)
Caused by: com.netflix.client.ClientException: null
	at com.netflix.client.AbstractLoadBalancerAwareClient.executeWithLoadBalancer(AbstractLoadBalancerAwareClient.java:118)
	at org.springframework.cloud.netflix.zuul.filters.route.support.AbstractRibbonCommand.run(AbstractRibbonCommand.java:186)
	at org.springframework.cloud.netflix.zuul.filters.route.support.AbstractRibbonCommand.run(AbstractRibbonCommand.java:51)
	at com.netflix.hystrix.HystrixCommand$2.call(HystrixCommand.java:302)
	at com.netflix.hystrix.HystrixCommand$2.call(HystrixCommand.java:298)
	at rx.internal.operators.OnSubscribeDefer.call(OnSubscribeDefer.java:46)
	at rx.internal.operators.OnSubscribeDefer.call(OnSubscribeDefer.java:35)
	at rx.internal.operators.OnSubscribeLift.call(OnSubscribeLift.java:48)
	at rx.internal.operators.OnSubscribeLift.call(OnSubscribeLift.java:30)
	at rx.internal.operators.OnSubscribeLift.call(OnSubscribeLift.java:48)
	at rx.internal.operators.OnSubscribeLift.call(OnSubscribeLift.java:30)
	at rx.internal.operators.OnSubscribeLift.call(OnSubscribeLift.java:48)
	at rx.internal.operators.OnSubscribeLift.call(OnSubscribeLift.java:30)
	at rx.Observable.unsafeSubscribe(Observable.java:10327)
	at rx.internal.operators.OnSubscribeDefer.call(OnSubscribeDefer.java:51)
	at rx.internal.operators.OnSubscribeDefer.call(OnSubscribeDefer.java:35)
	at rx.internal.operators.OnSubscribeLift.call(OnSubscribeLift.java:48)
	at rx.internal.operators.OnSubscribeLift.call(OnSubscribeLift.java:30)
	at rx.Observable.unsafeSubscribe(Observable.java:10327)
	at rx.internal.operators.OnSubscribeDoOnEach.call(OnSubscribeDoOnEach.java:41)
	at rx.internal.operators.OnSubscribeDoOnEach.call(OnSubscribeDoOnEach.java:30)
	at rx.Observable.unsafeSubscribe(Observable.java:10327)
	at rx.internal.operators.OnSubscribeDoOnEach.call(OnSubscribeDoOnEach.java:41)
	at rx.internal.operators.OnSubscribeDoOnEach.call(OnSubscribeDoOnEach.java:30)
	at rx.internal.operators.OnSubscribeLift.call(OnSubscribeLift.java:48)
	at rx.internal.operators.OnSubscribeLift.call(OnSubscribeLift.java:30)
	at rx.Observable.unsafeSubscribe(Observable.java:10327)
	at rx.internal.operators.OnSubscribeDoOnEach.call(OnSubscribeDoOnEach.java:41)
	at rx.internal.operators.OnSubscribeDoOnEach.call(OnSubscribeDoOnEach.java:30)
	at rx.Observable.unsafeSubscribe(Observable.java:10327)
	at rx.internal.operators.OnSubscribeDoOnEach.call(OnSubscribeDoOnEach.java:41)
	at rx.internal.operators.OnSubscribeDoOnEach.call(OnSubscribeDoOnEach.java:30)
	at rx.Observable.unsafeSubscribe(Observable.java:10327)
	at rx.internal.operators.OnSubscribeDoOnEach.call(OnSubscribeDoOnEach.java:41)
	at rx.internal.operators.OnSubscribeDoOnEach.call(OnSubscribeDoOnEach.java:30)
	at rx.internal.operators.OnSubscribeLift.call(OnSubscribeLift.java:48)
	at rx.internal.operators.OnSubscribeLift.call(OnSubscribeLift.java:30)
	at rx.Observable.unsafeSubscribe(Observable.java:10327)
	at rx.internal.operators.OnSubscribeDefer.call(OnSubscribeDefer.java:51)
	at rx.internal.operators.OnSubscribeDefer.call(OnSubscribeDefer.java:35)
	at rx.Observable.unsafeSubscribe(Observable.java:10327)
	at rx.internal.operators.OnSubscribeMap.call(OnSubscribeMap.java:48)
	at rx.internal.operators.OnSubscribeMap.call(OnSubscribeMap.java:33)
	at rx.Observable.unsafeSubscribe(Observable.java:10327)
	at rx.internal.operators.OnSubscribeDoOnEach.call(OnSubscribeDoOnEach.java:41)
	at rx.internal.operators.OnSubscribeDoOnEach.call(OnSubscribeDoOnEach.java:30)
	at rx.internal.operators.OnSubscribeLift.call(OnSubscribeLift.java:48)
	at rx.internal.operators.OnSubscribeLift.call(OnSubscribeLift.java:30)
	at rx.Observable.unsafeSubscribe(Observable.java:10327)
	at rx.internal.operators.OnSubscribeDoOnEach.call(OnSubscribeDoOnEach.java:41)
	at rx.internal.operators.OnSubscribeDoOnEach.call(OnSubscribeDoOnEach.java:30)
	at rx.Observable.unsafeSubscribe(Observable.java:10327)
	at rx.internal.operators.OnSubscribeDefer.call(OnSubscribeDefer.java:51)
	at rx.internal.operators.OnSubscribeDefer.call(OnSubscribeDefer.java:35)
	at rx.internal.operators.OnSubscribeLift.call(OnSubscribeLift.java:48)
	at rx.internal.operators.OnSubscribeLift.call(OnSubscribeLift.java:30)
	at rx.Observable.subscribe(Observable.java:10423)
	at rx.Observable.subscribe(Observable.java:10390)
	at rx.internal.operators.BlockingOperatorToFuture.toFuture(BlockingOperatorToFuture.java:51)
	at rx.observables.BlockingObservable.toFuture(BlockingObservable.java:410)
	at com.netflix.hystrix.HystrixCommand.queue(HystrixCommand.java:378)
	at com.netflix.hystrix.HystrixCommand.execute(HystrixCommand.java:344)
	at org.springframework.cloud.netflix.zuul.filters.route.RibbonRoutingFilter.forward(RibbonRoutingFilter.java:159)
	... 65 common frames omitted
Caused by: java.lang.RuntimeException: java.net.SocketTimeoutException: Read timed out
	at rx.exceptions.Exceptions.propagate(Exceptions.java:57)
	at rx.observables.BlockingObservable.blockForSingle(BlockingObservable.java:463)
	at rx.observables.BlockingObservable.single(BlockingObservable.java:340)
	at com.netflix.client.AbstractLoadBalancerAwareClient.executeWithLoadBalancer(AbstractLoadBalancerAwareClient.java:112)
	... 127 common frames omitted
Caused by: java.net.SocketTimeoutException: Read timed out
	at java.net.SocketInputStream.socketRead0(Native Method)
	at java.net.SocketInputStream.socketRead(SocketInputStream.java:116)
	at java.net.SocketInputStream.read(SocketInputStream.java:171)
	at java.net.SocketInputStream.read(SocketInputStream.java:141)
	at org.apache.http.impl.io.SessionInputBufferImpl.streamRead(SessionInputBufferImpl.java:137)
	at org.apache.http.impl.io.SessionInputBufferImpl.fillBuffer(SessionInputBufferImpl.java:153)
	at org.apache.http.impl.io.SessionInputBufferImpl.readLine(SessionInputBufferImpl.java:282)
	at org.apache.http.impl.conn.DefaultHttpResponseParser.parseHead(DefaultHttpResponseParser.java:138)
	at org.apache.http.impl.conn.DefaultHttpResponseParser.parseHead(DefaultHttpResponseParser.java:56)
	at org.apache.http.impl.io.AbstractMessageParser.parse(AbstractMessageParser.java:259)
	at org.apache.http.impl.DefaultBHttpClientConnection.receiveResponseHeader(DefaultBHttpClientConnection.java:163)
	at org.apache.http.impl.conn.CPoolProxy.receiveResponseHeader(CPoolProxy.java:165)
	at org.apache.http.protocol.HttpRequestExecutor.doReceiveResponse(HttpRequestExecutor.java:273)
	at org.apache.http.protocol.HttpRequestExecutor.execute(HttpRequestExecutor.java:125)
	at org.apache.http.impl.execchain.MainClientExec.execute(MainClientExec.java:272)
	at org.apache.http.impl.execchain.ProtocolExec.execute(ProtocolExec.java:185)
	at org.apache.http.impl.execchain.RetryExec.execute(RetryExec.java:89)
	at org.apache.http.impl.client.InternalHttpClient.doExecute(InternalHttpClient.java:185)
	at org.apache.http.impl.client.CloseableHttpClient.execute(CloseableHttpClient.java:83)
	at org.apache.http.impl.client.CloseableHttpClient.execute(CloseableHttpClient.java:108)
	at org.springframework.cloud.netflix.ribbon.apache.RibbonLoadBalancingHttpClient.execute(RibbonLoadBalancingHttpClient.java:81)
	at org.springframework.cloud.netflix.ribbon.apache.RibbonLoadBalancingHttpClient.execute(RibbonLoadBalancingHttpClient.java:44)
	at com.netflix.client.AbstractLoadBalancerAwareClient$1.call(AbstractLoadBalancerAwareClient.java:104)
	at com.netflix.loadbalancer.reactive.LoadBalancerCommand$3$1.call(LoadBalancerCommand.java:303)
	at com.netflix.loadbalancer.reactive.LoadBalancerCommand$3$1.call(LoadBalancerCommand.java:287)
	at rx.internal.util.ScalarSynchronousObservable$3.call(ScalarSynchronousObservable.java:231)
	at rx.internal.util.ScalarSynchronousObservable$3.call(ScalarSynchronousObservable.java:228)
	at rx.Observable.unsafeSubscribe(Observable.java:10327)
	at rx.internal.operators.OnSubscribeConcatMap$ConcatMapSubscriber.drain(OnSubscribeConcatMap.java:286)
	at rx.internal.operators.OnSubscribeConcatMap$ConcatMapSubscriber.onNext(OnSubscribeConcatMap.java:144)
	at com.netflix.loadbalancer.reactive.LoadBalancerCommand$1.call(LoadBalancerCommand.java:185)
	at com.netflix.loadbalancer.reactive.LoadBalancerCommand$1.call(LoadBalancerCommand.java:180)
	at rx.Observable.unsafeSubscribe(Observable.java:10327)
	at rx.internal.operators.OnSubscribeConcatMap.call(OnSubscribeConcatMap.java:94)
	at rx.internal.operators.OnSubscribeConcatMap.call(OnSubscribeConcatMap.java:42)
	at rx.Observable.unsafeSubscribe(Observable.java:10327)
	at rx.internal.operators.OperatorRetryWithPredicate$SourceSubscriber$1.call(OperatorRetryWithPredicate.java:127)
	at rx.internal.schedulers.TrampolineScheduler$InnerCurrentThreadScheduler.enqueue(TrampolineScheduler.java:73)
	at rx.internal.schedulers.TrampolineScheduler$InnerCurrentThreadScheduler.schedule(TrampolineScheduler.java:52)
	at rx.internal.operators.OperatorRetryWithPredicate$SourceSubscriber.onNext(OperatorRetryWithPredicate.java:79)
	at rx.internal.operators.OperatorRetryWithPredicate$SourceSubscriber.onNext(OperatorRetryWithPredicate.java:45)
	at rx.internal.util.ScalarSynchronousObservable$WeakSingleProducer.request(ScalarSynchronousObservable.java:276)
	at rx.Subscriber.setProducer(Subscriber.java:209)
	at rx.internal.util.ScalarSynchronousObservable$JustOnSubscribe.call(ScalarSynchronousObservable.java:138)
	at rx.internal.util.ScalarSynchronousObservable$JustOnSubscribe.call(ScalarSynchronousObservable.java:129)
	at rx.internal.operators.OnSubscribeLift.call(OnSubscribeLift.java:48)
	at rx.internal.operators.OnSubscribeLift.call(OnSubscribeLift.java:30)
	at rx.internal.operators.OnSubscribeLift.call(OnSubscribeLift.java:48)
	at rx.internal.operators.OnSubscribeLift.call(OnSubscribeLift.java:30)
	at rx.internal.operators.OnSubscribeLift.call(OnSubscribeLift.java:48)
	at rx.internal.operators.OnSubscribeLift.call(OnSubscribeLift.java:30)
	at rx.Observable.subscribe(Observable.java:10423)
	at rx.Observable.subscribe(Observable.java:10390)
	at rx.observables.BlockingObservable.blockForSingle(BlockingObservable.java:443)
	... 129 common frames omitted
16:41:14.556 [http-nio-8769-exec-2] INFO  com.xgn.fzc.zuul.XgnZuulFilter - (XgnZuulFilter.java:4916:41:22.883 [http-nio-8769-exec-5] INFO  com.xgn.fzc.zuul.XgnZuulFilter - (XgnZuulFilter.java:4916:41:22.886 [http-nio-8769-exec-5] INFO  o.s.c.a.AnnotationConfigApplicationContext - (AbstractApplicationContext.java:59016:41:22.905 [http-nio-8769-exec-5] INFO  o.s.b.f.a.AutowiredAnnotationBeanPostProcessor - (AutowiredAnnotationBeanPostProcessor.java:15416:41:22.917 [http-nio-8769-exec-5] INFO  c.n.config.ChainedDynamicProperty - (ChainedDynamicProperty.java:11516:41:22.919 [http-nio-8769-exec-5] INFO  c.n.u.c.ShutdownEnabledTimer - (ShutdownEnabledTimer.java:5816:41:22.921 [http-nio-8769-exec-5] INFO  c.n.loadbalancer.BaseLoadBalancer - (BaseLoadBalancer.java:19216:41:22.922 [http-nio-8769-exec-5] INFO  c.n.l.DynamicServerListLoadBalancer - (DynamicServerListLoadBalancer.java:22216:41:22.924 [http-nio-8769-exec-5] INFO  c.n.config.ChainedDynamicProperty - (ChainedDynamicProperty.java:11516:41:22.924 [http-nio-8769-exec-5] INFO  c.n.l.DynamicServerListLoadBalancer - (DynamicServerListLoadBalancer.java:15016:41:23.924 [PollingServerListUpdater-0] INFO  c.n.config.ChainedDynamicProperty - (ChainedDynamicProperty.java:11516:41:27.025 [http-nio-8769-exec-8] INFO  com.xgn.fzc.zuul.XgnZuulFilter - (XgnZuulFilter.java:49